{"/Users/bennytran/Desktop/NetEvent/netevent/client/src/constants.js": {"path":"/Users/bennytran/Desktop/NetEvent/netevent/client/src/constants.js","statementMap":{"0":{"start":{"line":2,"column":26},"end":{"line":2,"column":38}},"1":{"start":{"line":3,"column":27},"end":{"line":3,"column":40}},"2":{"start":{"line":4,"column":26},"end":{"line":4,"column":38}},"3":{"start":{"line":5,"column":28},"end":{"line":5,"column":42}},"4":{"start":{"line":6,"column":29},"end":{"line":6,"column":44}},"5":{"start":{"line":7,"column":30},"end":{"line":7,"column":46}},"6":{"start":{"line":9,"column":35},"end":{"line":9,"column":56}},"7":{"start":{"line":10,"column":35},"end":{"line":10,"column":56}},"8":{"start":{"line":11,"column":35},"end":{"line":11,"column":56}},"9":{"start":{"line":13,"column":27},"end":{"line":13,"column":40}},"10":{"start":{"line":14,"column":28},"end":{"line":14,"column":42}},"11":{"start":{"line":15,"column":31},"end":{"line":15,"column":48}},"12":{"start":{"line":17,"column":31},"end":{"line":17,"column":48}},"13":{"start":{"line":18,"column":29},"end":{"line":18,"column":44}},"14":{"start":{"line":19,"column":34},"end":{"line":19,"column":54}},"15":{"start":{"line":20,"column":27},"end":{"line":20,"column":40}},"16":{"start":{"line":21,"column":27},"end":{"line":21,"column":40}},"17":{"start":{"line":22,"column":27},"end":{"line":22,"column":40}},"18":{"start":{"line":25,"column":21},"end":{"line":25,"column":28}},"19":{"start":{"line":26,"column":27},"end":{"line":26,"column":40}},"20":{"start":{"line":29,"column":27},"end":{"line":29,"column":72}},"21":{"start":{"line":30,"column":26},"end":{"line":30,"column":50}},"22":{"start":{"line":32,"column":4},"end":{"line":32,"column":55}},"23":{"start":{"line":35,"column":25},"end":{"line":35,"column":36}},"24":{"start":{"line":36,"column":33},"end":{"line":36,"column":52}},"25":{"start":{"line":39,"column":32},"end":{"line":39,"column":50}},"26":{"start":{"line":40,"column":39},"end":{"line":40,"column":64}},"27":{"start":{"line":41,"column":32},"end":{"line":41,"column":50}},"28":{"start":{"line":42,"column":31},"end":{"line":42,"column":48}},"29":{"start":{"line":43,"column":31},"end":{"line":43,"column":48}},"30":{"start":{"line":44,"column":31},"end":{"line":44,"column":48}},"31":{"start":{"line":45,"column":39},"end":{"line":45,"column":64}},"32":{"start":{"line":46,"column":39},"end":{"line":46,"column":64}},"33":{"start":{"line":47,"column":39},"end":{"line":47,"column":64}},"34":{"start":{"line":50,"column":34},"end":{"line":50,"column":54}},"35":{"start":{"line":51,"column":41},"end":{"line":51,"column":68}},"36":{"start":{"line":52,"column":34},"end":{"line":52,"column":54}},"37":{"start":{"line":53,"column":33},"end":{"line":53,"column":52}},"38":{"start":{"line":54,"column":33},"end":{"line":54,"column":52}},"39":{"start":{"line":55,"column":33},"end":{"line":55,"column":52}},"40":{"start":{"line":56,"column":41},"end":{"line":56,"column":68}},"41":{"start":{"line":57,"column":41},"end":{"line":57,"column":68}},"42":{"start":{"line":58,"column":41},"end":{"line":58,"column":68}},"43":{"start":{"line":61,"column":29},"end":{"line":61,"column":44}},"44":{"start":{"line":62,"column":28},"end":{"line":62,"column":42}},"45":{"start":{"line":63,"column":36},"end":{"line":63,"column":58}},"46":{"start":{"line":66,"column":40},"end":{"line":66,"column":66}},"47":{"start":{"line":67,"column":40},"end":{"line":67,"column":66}},"48":{"start":{"line":69,"column":4},"end":{"line":69,"column":37}}},"fnMap":{},"branchMap":{},"s":{"0":10,"1":10,"2":10,"3":10,"4":10,"5":10,"6":10,"7":10,"8":10,"9":10,"10":10,"11":10,"12":10,"13":10,"14":10,"15":10,"16":10,"17":10,"18":10,"19":10,"20":10,"21":10,"22":10,"23":10,"24":10,"25":10,"26":10,"27":10,"28":10,"29":10,"30":10,"31":10,"32":10,"33":10,"34":10,"35":10,"36":10,"37":10,"38":10,"39":10,"40":10,"41":10,"42":10,"43":10,"44":10,"45":10,"46":10,"47":10,"48":10},"f":{},"b":{},"_coverageSchema":"1a1c01bbd47fc00a2c39e90264f33305004495a9","hash":"497be36c351ed911bc474e8ddc43e7e88a69540c"}
,"/Users/bennytran/Desktop/NetEvent/netevent/client/src/actions/eventActions.js": {"path":"/Users/bennytran/Desktop/NetEvent/netevent/client/src/actions/eventActions.js","statementMap":{"0":{"start":{"line":10,"column":26},"end":{"line":15,"column":1}},"1":{"start":{"line":11,"column":4},"end":{"line":14,"column":7}},"2":{"start":{"line":17,"column":27},"end":{"line":46,"column":1}},"3":{"start":{"line":17,"column":40},"end":{"line":46,"column":1}},"4":{"start":{"line":18,"column":4},"end":{"line":18,"column":38}},"5":{"start":{"line":19,"column":4},"end":{"line":44,"column":5}},"6":{"start":{"line":20,"column":8},"end":{"line":20,"column":38}},"7":{"start":{"line":21,"column":8},"end":{"line":24,"column":11}},"8":{"start":{"line":25,"column":8},"end":{"line":28,"column":11}},"9":{"start":{"line":30,"column":8},"end":{"line":35,"column":17}},"10":{"start":{"line":31,"column":12},"end":{"line":34,"column":15}},"11":{"start":{"line":37,"column":8},"end":{"line":42,"column":9}},"12":{"start":{"line":38,"column":12},"end":{"line":41,"column":15}},"13":{"start":{"line":43,"column":8},"end":{"line":43,"column":27}},"14":{"start":{"line":45,"column":4},"end":{"line":45,"column":39}}},"fnMap":{"0":{"name":"(anonymous_0)","decl":{"start":{"line":10,"column":26},"end":{"line":10,"column":27}},"loc":{"start":{"line":10,"column":48},"end":{"line":15,"column":1}},"line":10},"1":{"name":"(anonymous_1)","decl":{"start":{"line":17,"column":27},"end":{"line":17,"column":28}},"loc":{"start":{"line":17,"column":40},"end":{"line":46,"column":1}},"line":17},"2":{"name":"(anonymous_2)","decl":{"start":{"line":17,"column":40},"end":{"line":17,"column":41}},"loc":{"start":{"line":17,"column":60},"end":{"line":46,"column":1}},"line":17},"3":{"name":"(anonymous_3)","decl":{"start":{"line":30,"column":19},"end":{"line":30,"column":20}},"loc":{"start":{"line":30,"column":25},"end":{"line":35,"column":9}},"line":30}},"branchMap":{"0":{"loc":{"start":{"line":37,"column":8},"end":{"line":42,"column":9}},"type":"if","locations":[{"start":{"line":37,"column":8},"end":{"line":42,"column":9}},{"start":{"line":37,"column":8},"end":{"line":42,"column":9}}],"line":37}},"s":{"0":1,"1":2,"2":1,"3":2,"4":2,"5":2,"6":2,"7":0,"8":0,"9":0,"10":0,"11":0,"12":0,"13":0,"14":0},"f":{"0":2,"1":2,"2":2,"3":0},"b":{"0":[0,0]},"_coverageSchema":"1a1c01bbd47fc00a2c39e90264f33305004495a9","hash":"4023015902b0a71d097a5c92251d7e13ef6c67cd"}
,"/Users/bennytran/Desktop/NetEvent/netevent/client/src/actions/eventTypeActions.js": {"path":"/Users/bennytran/Desktop/NetEvent/netevent/client/src/actions/eventTypeActions.js","statementMap":{"0":{"start":{"line":20,"column":30},"end":{"line":25,"column":1}},"1":{"start":{"line":21,"column":4},"end":{"line":24,"column":7}},"2":{"start":{"line":27,"column":32},"end":{"line":39,"column":1}},"3":{"start":{"line":27,"column":38},"end":{"line":39,"column":1}},"4":{"start":{"line":28,"column":4},"end":{"line":28,"column":42}},"5":{"start":{"line":29,"column":4},"end":{"line":37,"column":5}},"6":{"start":{"line":30,"column":21},"end":{"line":30,"column":48}},"7":{"start":{"line":31,"column":8},"end":{"line":34,"column":11}},"8":{"start":{"line":36,"column":8},"end":{"line":36,"column":27}},"9":{"start":{"line":38,"column":4},"end":{"line":38,"column":43}},"10":{"start":{"line":40,"column":29},"end":{"line":68,"column":1}},"11":{"start":{"line":48,"column":5},"end":{"line":68,"column":1}},"12":{"start":{"line":49,"column":4},"end":{"line":49,"column":42}},"13":{"start":{"line":50,"column":4},"end":{"line":66,"column":5}},"14":{"start":{"line":51,"column":21},"end":{"line":59,"column":9}},"15":{"start":{"line":60,"column":8},"end":{"line":63,"column":11}},"16":{"start":{"line":65,"column":8},"end":{"line":65,"column":27}},"17":{"start":{"line":67,"column":4},"end":{"line":67,"column":43}},"18":{"start":{"line":69,"column":31},"end":{"line":98,"column":1}},"19":{"start":{"line":69,"column":44},"end":{"line":98,"column":1}},"20":{"start":{"line":70,"column":4},"end":{"line":70,"column":42}},"21":{"start":{"line":71,"column":4},"end":{"line":96,"column":5}},"22":{"start":{"line":72,"column":8},"end":{"line":72,"column":42}},"23":{"start":{"line":73,"column":8},"end":{"line":76,"column":11}},"24":{"start":{"line":77,"column":8},"end":{"line":80,"column":11}},"25":{"start":{"line":82,"column":8},"end":{"line":87,"column":17}},"26":{"start":{"line":83,"column":12},"end":{"line":86,"column":15}},"27":{"start":{"line":89,"column":8},"end":{"line":94,"column":9}},"28":{"start":{"line":90,"column":12},"end":{"line":93,"column":15}},"29":{"start":{"line":95,"column":8},"end":{"line":95,"column":27}},"30":{"start":{"line":97,"column":4},"end":{"line":97,"column":43}},"31":{"start":{"line":100,"column":31},"end":{"line":129,"column":1}},"32":{"start":{"line":100,"column":44},"end":{"line":129,"column":1}},"33":{"start":{"line":101,"column":4},"end":{"line":101,"column":42}},"34":{"start":{"line":102,"column":4},"end":{"line":127,"column":5}},"35":{"start":{"line":103,"column":8},"end":{"line":103,"column":42}},"36":{"start":{"line":104,"column":8},"end":{"line":107,"column":11}},"37":{"start":{"line":108,"column":8},"end":{"line":111,"column":11}},"38":{"start":{"line":113,"column":8},"end":{"line":118,"column":17}},"39":{"start":{"line":114,"column":12},"end":{"line":117,"column":15}},"40":{"start":{"line":120,"column":8},"end":{"line":125,"column":9}},"41":{"start":{"line":121,"column":12},"end":{"line":124,"column":15}},"42":{"start":{"line":126,"column":8},"end":{"line":126,"column":27}},"43":{"start":{"line":128,"column":4},"end":{"line":128,"column":43}},"44":{"start":{"line":130,"column":32},"end":{"line":160,"column":1}},"45":{"start":{"line":130,"column":45},"end":{"line":160,"column":1}},"46":{"start":{"line":131,"column":4},"end":{"line":131,"column":42}},"47":{"start":{"line":132,"column":4},"end":{"line":158,"column":5}},"48":{"start":{"line":133,"column":8},"end":{"line":133,"column":43}},"49":{"start":{"line":135,"column":8},"end":{"line":138,"column":11}},"50":{"start":{"line":139,"column":8},"end":{"line":142,"column":11}},"51":{"start":{"line":144,"column":8},"end":{"line":149,"column":17}},"52":{"start":{"line":145,"column":12},"end":{"line":148,"column":15}},"53":{"start":{"line":151,"column":8},"end":{"line":156,"column":9}},"54":{"start":{"line":152,"column":12},"end":{"line":155,"column":15}},"55":{"start":{"line":157,"column":8},"end":{"line":157,"column":27}},"56":{"start":{"line":159,"column":4},"end":{"line":159,"column":43}}},"fnMap":{"0":{"name":"(anonymous_0)","decl":{"start":{"line":20,"column":30},"end":{"line":20,"column":31}},"loc":{"start":{"line":20,"column":52},"end":{"line":25,"column":1}},"line":20},"1":{"name":"(anonymous_1)","decl":{"start":{"line":27,"column":32},"end":{"line":27,"column":33}},"loc":{"start":{"line":27,"column":38},"end":{"line":39,"column":1}},"line":27},"2":{"name":"(anonymous_2)","decl":{"start":{"line":27,"column":38},"end":{"line":27,"column":39}},"loc":{"start":{"line":27,"column":58},"end":{"line":39,"column":1}},"line":27},"3":{"name":"(anonymous_3)","decl":{"start":{"line":40,"column":29},"end":{"line":40,"column":30}},"loc":{"start":{"line":48,"column":5},"end":{"line":68,"column":1}},"line":48},"4":{"name":"(anonymous_4)","decl":{"start":{"line":48,"column":5},"end":{"line":48,"column":6}},"loc":{"start":{"line":48,"column":25},"end":{"line":68,"column":1}},"line":48},"5":{"name":"(anonymous_5)","decl":{"start":{"line":69,"column":31},"end":{"line":69,"column":32}},"loc":{"start":{"line":69,"column":44},"end":{"line":98,"column":1}},"line":69},"6":{"name":"(anonymous_6)","decl":{"start":{"line":69,"column":44},"end":{"line":69,"column":45}},"loc":{"start":{"line":69,"column":64},"end":{"line":98,"column":1}},"line":69},"7":{"name":"(anonymous_7)","decl":{"start":{"line":82,"column":19},"end":{"line":82,"column":20}},"loc":{"start":{"line":82,"column":25},"end":{"line":87,"column":9}},"line":82},"8":{"name":"(anonymous_8)","decl":{"start":{"line":100,"column":31},"end":{"line":100,"column":32}},"loc":{"start":{"line":100,"column":44},"end":{"line":129,"column":1}},"line":100},"9":{"name":"(anonymous_9)","decl":{"start":{"line":100,"column":44},"end":{"line":100,"column":45}},"loc":{"start":{"line":100,"column":64},"end":{"line":129,"column":1}},"line":100},"10":{"name":"(anonymous_10)","decl":{"start":{"line":113,"column":19},"end":{"line":113,"column":20}},"loc":{"start":{"line":113,"column":25},"end":{"line":118,"column":9}},"line":113},"11":{"name":"(anonymous_11)","decl":{"start":{"line":130,"column":32},"end":{"line":130,"column":33}},"loc":{"start":{"line":130,"column":45},"end":{"line":160,"column":1}},"line":130},"12":{"name":"(anonymous_12)","decl":{"start":{"line":130,"column":45},"end":{"line":130,"column":46}},"loc":{"start":{"line":130,"column":65},"end":{"line":160,"column":1}},"line":130},"13":{"name":"(anonymous_13)","decl":{"start":{"line":144,"column":19},"end":{"line":144,"column":20}},"loc":{"start":{"line":144,"column":25},"end":{"line":149,"column":9}},"line":144}},"branchMap":{"0":{"loc":{"start":{"line":89,"column":8},"end":{"line":94,"column":9}},"type":"if","locations":[{"start":{"line":89,"column":8},"end":{"line":94,"column":9}},{"start":{"line":89,"column":8},"end":{"line":94,"column":9}}],"line":89},"1":{"loc":{"start":{"line":120,"column":8},"end":{"line":125,"column":9}},"type":"if","locations":[{"start":{"line":120,"column":8},"end":{"line":125,"column":9}},{"start":{"line":120,"column":8},"end":{"line":125,"column":9}}],"line":120},"2":{"loc":{"start":{"line":151,"column":8},"end":{"line":156,"column":9}},"type":"if","locations":[{"start":{"line":151,"column":8},"end":{"line":156,"column":9}},{"start":{"line":151,"column":8},"end":{"line":156,"column":9}}],"line":151}},"s":{"0":1,"1":1,"2":1,"3":1,"4":1,"5":1,"6":1,"7":0,"8":0,"9":0,"10":1,"11":0,"12":0,"13":0,"14":0,"15":0,"16":0,"17":0,"18":1,"19":0,"20":0,"21":0,"22":0,"23":0,"24":0,"25":0,"26":0,"27":0,"28":0,"29":0,"30":0,"31":1,"32":0,"33":0,"34":0,"35":0,"36":0,"37":0,"38":0,"39":0,"40":0,"41":0,"42":0,"43":0,"44":1,"45":0,"46":0,"47":0,"48":0,"49":0,"50":0,"51":0,"52":0,"53":0,"54":0,"55":0,"56":0},"f":{"0":1,"1":1,"2":1,"3":0,"4":0,"5":0,"6":0,"7":0,"8":0,"9":0,"10":0,"11":0,"12":0,"13":0},"b":{"0":[0,0],"1":[0,0],"2":[0,0]},"_coverageSchema":"1a1c01bbd47fc00a2c39e90264f33305004495a9","hash":"d1cacf21701ae6b579029203712a3a8c3f96eb77"}
,"/Users/bennytran/Desktop/NetEvent/netevent/client/src/actions/facilityActions.js": {"path":"/Users/bennytran/Desktop/NetEvent/netevent/client/src/actions/facilityActions.js","statementMap":{"0":{"start":{"line":20,"column":29},"end":{"line":25,"column":1}},"1":{"start":{"line":21,"column":4},"end":{"line":24,"column":7}},"2":{"start":{"line":27,"column":32},"end":{"line":39,"column":1}},"3":{"start":{"line":27,"column":38},"end":{"line":39,"column":1}},"4":{"start":{"line":28,"column":4},"end":{"line":28,"column":41}},"5":{"start":{"line":29,"column":4},"end":{"line":37,"column":5}},"6":{"start":{"line":30,"column":21},"end":{"line":30,"column":48}},"7":{"start":{"line":31,"column":8},"end":{"line":34,"column":11}},"8":{"start":{"line":36,"column":8},"end":{"line":36,"column":27}},"9":{"start":{"line":38,"column":4},"end":{"line":38,"column":42}},"10":{"start":{"line":40,"column":29},"end":{"line":70,"column":1}},"11":{"start":{"line":49,"column":5},"end":{"line":70,"column":1}},"12":{"start":{"line":50,"column":4},"end":{"line":50,"column":41}},"13":{"start":{"line":51,"column":4},"end":{"line":68,"column":5}},"14":{"start":{"line":52,"column":21},"end":{"line":61,"column":9}},"15":{"start":{"line":62,"column":8},"end":{"line":65,"column":11}},"16":{"start":{"line":67,"column":8},"end":{"line":67,"column":27}},"17":{"start":{"line":69,"column":4},"end":{"line":69,"column":42}},"18":{"start":{"line":71,"column":30},"end":{"line":100,"column":1}},"19":{"start":{"line":71,"column":43},"end":{"line":100,"column":1}},"20":{"start":{"line":72,"column":4},"end":{"line":72,"column":41}},"21":{"start":{"line":73,"column":4},"end":{"line":98,"column":5}},"22":{"start":{"line":74,"column":8},"end":{"line":74,"column":41}},"23":{"start":{"line":75,"column":8},"end":{"line":78,"column":11}},"24":{"start":{"line":79,"column":8},"end":{"line":82,"column":11}},"25":{"start":{"line":84,"column":8},"end":{"line":89,"column":17}},"26":{"start":{"line":85,"column":12},"end":{"line":88,"column":15}},"27":{"start":{"line":91,"column":8},"end":{"line":96,"column":9}},"28":{"start":{"line":92,"column":12},"end":{"line":95,"column":15}},"29":{"start":{"line":97,"column":8},"end":{"line":97,"column":27}},"30":{"start":{"line":99,"column":4},"end":{"line":99,"column":42}},"31":{"start":{"line":102,"column":30},"end":{"line":131,"column":1}},"32":{"start":{"line":102,"column":43},"end":{"line":131,"column":1}},"33":{"start":{"line":103,"column":4},"end":{"line":103,"column":41}},"34":{"start":{"line":104,"column":4},"end":{"line":129,"column":5}},"35":{"start":{"line":105,"column":8},"end":{"line":105,"column":41}},"36":{"start":{"line":106,"column":8},"end":{"line":109,"column":11}},"37":{"start":{"line":110,"column":8},"end":{"line":113,"column":11}},"38":{"start":{"line":115,"column":8},"end":{"line":120,"column":17}},"39":{"start":{"line":116,"column":12},"end":{"line":119,"column":15}},"40":{"start":{"line":122,"column":8},"end":{"line":127,"column":9}},"41":{"start":{"line":123,"column":12},"end":{"line":126,"column":15}},"42":{"start":{"line":128,"column":8},"end":{"line":128,"column":27}},"43":{"start":{"line":130,"column":4},"end":{"line":130,"column":42}},"44":{"start":{"line":132,"column":32},"end":{"line":162,"column":1}},"45":{"start":{"line":132,"column":45},"end":{"line":162,"column":1}},"46":{"start":{"line":133,"column":4},"end":{"line":133,"column":41}},"47":{"start":{"line":134,"column":4},"end":{"line":160,"column":5}},"48":{"start":{"line":135,"column":8},"end":{"line":135,"column":43}},"49":{"start":{"line":137,"column":8},"end":{"line":140,"column":11}},"50":{"start":{"line":141,"column":8},"end":{"line":144,"column":11}},"51":{"start":{"line":146,"column":8},"end":{"line":151,"column":17}},"52":{"start":{"line":147,"column":12},"end":{"line":150,"column":15}},"53":{"start":{"line":153,"column":8},"end":{"line":158,"column":9}},"54":{"start":{"line":154,"column":12},"end":{"line":157,"column":15}},"55":{"start":{"line":159,"column":8},"end":{"line":159,"column":27}},"56":{"start":{"line":161,"column":4},"end":{"line":161,"column":42}}},"fnMap":{"0":{"name":"(anonymous_0)","decl":{"start":{"line":20,"column":29},"end":{"line":20,"column":30}},"loc":{"start":{"line":20,"column":51},"end":{"line":25,"column":1}},"line":20},"1":{"name":"(anonymous_1)","decl":{"start":{"line":27,"column":32},"end":{"line":27,"column":33}},"loc":{"start":{"line":27,"column":38},"end":{"line":39,"column":1}},"line":27},"2":{"name":"(anonymous_2)","decl":{"start":{"line":27,"column":38},"end":{"line":27,"column":39}},"loc":{"start":{"line":27,"column":58},"end":{"line":39,"column":1}},"line":27},"3":{"name":"(anonymous_3)","decl":{"start":{"line":40,"column":29},"end":{"line":40,"column":30}},"loc":{"start":{"line":49,"column":5},"end":{"line":70,"column":1}},"line":49},"4":{"name":"(anonymous_4)","decl":{"start":{"line":49,"column":5},"end":{"line":49,"column":6}},"loc":{"start":{"line":49,"column":25},"end":{"line":70,"column":1}},"line":49},"5":{"name":"(anonymous_5)","decl":{"start":{"line":71,"column":30},"end":{"line":71,"column":31}},"loc":{"start":{"line":71,"column":43},"end":{"line":100,"column":1}},"line":71},"6":{"name":"(anonymous_6)","decl":{"start":{"line":71,"column":43},"end":{"line":71,"column":44}},"loc":{"start":{"line":71,"column":63},"end":{"line":100,"column":1}},"line":71},"7":{"name":"(anonymous_7)","decl":{"start":{"line":84,"column":19},"end":{"line":84,"column":20}},"loc":{"start":{"line":84,"column":25},"end":{"line":89,"column":9}},"line":84},"8":{"name":"(anonymous_8)","decl":{"start":{"line":102,"column":30},"end":{"line":102,"column":31}},"loc":{"start":{"line":102,"column":43},"end":{"line":131,"column":1}},"line":102},"9":{"name":"(anonymous_9)","decl":{"start":{"line":102,"column":43},"end":{"line":102,"column":44}},"loc":{"start":{"line":102,"column":63},"end":{"line":131,"column":1}},"line":102},"10":{"name":"(anonymous_10)","decl":{"start":{"line":115,"column":19},"end":{"line":115,"column":20}},"loc":{"start":{"line":115,"column":25},"end":{"line":120,"column":9}},"line":115},"11":{"name":"(anonymous_11)","decl":{"start":{"line":132,"column":32},"end":{"line":132,"column":33}},"loc":{"start":{"line":132,"column":45},"end":{"line":162,"column":1}},"line":132},"12":{"name":"(anonymous_12)","decl":{"start":{"line":132,"column":45},"end":{"line":132,"column":46}},"loc":{"start":{"line":132,"column":65},"end":{"line":162,"column":1}},"line":132},"13":{"name":"(anonymous_13)","decl":{"start":{"line":146,"column":19},"end":{"line":146,"column":20}},"loc":{"start":{"line":146,"column":25},"end":{"line":151,"column":9}},"line":146}},"branchMap":{"0":{"loc":{"start":{"line":91,"column":8},"end":{"line":96,"column":9}},"type":"if","locations":[{"start":{"line":91,"column":8},"end":{"line":96,"column":9}},{"start":{"line":91,"column":8},"end":{"line":96,"column":9}}],"line":91},"1":{"loc":{"start":{"line":122,"column":8},"end":{"line":127,"column":9}},"type":"if","locations":[{"start":{"line":122,"column":8},"end":{"line":127,"column":9}},{"start":{"line":122,"column":8},"end":{"line":127,"column":9}}],"line":122},"2":{"loc":{"start":{"line":153,"column":8},"end":{"line":158,"column":9}},"type":"if","locations":[{"start":{"line":153,"column":8},"end":{"line":158,"column":9}},{"start":{"line":153,"column":8},"end":{"line":158,"column":9}}],"line":153}},"s":{"0":1,"1":8,"2":1,"3":1,"4":1,"5":1,"6":1,"7":0,"8":0,"9":0,"10":1,"11":1,"12":1,"13":1,"14":1,"15":0,"16":0,"17":0,"18":1,"19":2,"20":2,"21":2,"22":2,"23":0,"24":0,"25":0,"26":0,"27":0,"28":0,"29":0,"30":0,"31":1,"32":2,"33":2,"34":2,"35":2,"36":0,"37":0,"38":0,"39":0,"40":0,"41":0,"42":0,"43":0,"44":1,"45":2,"46":2,"47":2,"48":2,"49":0,"50":0,"51":0,"52":0,"53":0,"54":0,"55":0,"56":0},"f":{"0":8,"1":1,"2":1,"3":1,"4":1,"5":2,"6":2,"7":0,"8":2,"9":2,"10":0,"11":2,"12":2,"13":0},"b":{"0":[0,0],"1":[0,0],"2":[0,0]},"_coverageSchema":"1a1c01bbd47fc00a2c39e90264f33305004495a9","hash":"f564dee53994afec765cb49256f8d7ab4a6aa4d8"}
,"/Users/bennytran/Desktop/NetEvent/netevent/client/src/api/index.js": {"path":"/Users/bennytran/Desktop/NetEvent/netevent/client/src/api/index.js","statementMap":{"0":{"start":{"line":3,"column":4},"end":{"line":5,"column":37}},"1":{"start":{"line":7,"column":14},"end":{"line":10,"column":2}},"2":{"start":{"line":13,"column":31},"end":{"line":13,"column":65}},"3":{"start":{"line":13,"column":37},"end":{"line":13,"column":65}},"4":{"start":{"line":14,"column":28},"end":{"line":14,"column":75}},"5":{"start":{"line":14,"column":41},"end":{"line":14,"column":75}},"6":{"start":{"line":15,"column":29},"end":{"line":15,"column":60}},"7":{"start":{"line":15,"column":35},"end":{"line":15,"column":60}},"8":{"start":{"line":16,"column":32},"end":{"line":17,"column":45}},"9":{"start":{"line":17,"column":4},"end":{"line":17,"column":45}},"10":{"start":{"line":18,"column":29},"end":{"line":18,"column":77}},"11":{"start":{"line":18,"column":42},"end":{"line":18,"column":77}},"12":{"start":{"line":19,"column":30},"end":{"line":20,"column":51}},"13":{"start":{"line":20,"column":4},"end":{"line":20,"column":51}},"14":{"start":{"line":21,"column":29},"end":{"line":22,"column":46}},"15":{"start":{"line":22,"column":4},"end":{"line":22,"column":46}},"16":{"start":{"line":23,"column":30},"end":{"line":23,"column":58}},"17":{"start":{"line":23,"column":36},"end":{"line":23,"column":58}},"18":{"start":{"line":24,"column":27},"end":{"line":36,"column":5}},"19":{"start":{"line":34,"column":4},"end":{"line":36,"column":5}},"20":{"start":{"line":39,"column":27},"end":{"line":40,"column":62}},"21":{"start":{"line":40,"column":4},"end":{"line":40,"column":62}},"22":{"start":{"line":41,"column":24},"end":{"line":41,"column":48}},"23":{"start":{"line":41,"column":30},"end":{"line":41,"column":48}},"24":{"start":{"line":44,"column":32},"end":{"line":62,"column":5}},"25":{"start":{"line":54,"column":4},"end":{"line":62,"column":5}},"26":{"start":{"line":63,"column":33},"end":{"line":64,"column":43}},"27":{"start":{"line":64,"column":4},"end":{"line":64,"column":43}},"28":{"start":{"line":65,"column":33},"end":{"line":66,"column":44}},"29":{"start":{"line":66,"column":4},"end":{"line":66,"column":44}},"30":{"start":{"line":67,"column":35},"end":{"line":68,"column":55}},"31":{"start":{"line":68,"column":4},"end":{"line":68,"column":55}},"32":{"start":{"line":69,"column":35},"end":{"line":69,"column":67}},"33":{"start":{"line":69,"column":41},"end":{"line":69,"column":67}},"34":{"start":{"line":72,"column":32},"end":{"line":89,"column":5}},"35":{"start":{"line":81,"column":4},"end":{"line":89,"column":5}},"36":{"start":{"line":90,"column":34},"end":{"line":91,"column":44}},"37":{"start":{"line":91,"column":4},"end":{"line":91,"column":44}},"38":{"start":{"line":92,"column":34},"end":{"line":93,"column":45}},"39":{"start":{"line":93,"column":4},"end":{"line":93,"column":45}},"40":{"start":{"line":94,"column":35},"end":{"line":95,"column":56}},"41":{"start":{"line":95,"column":4},"end":{"line":95,"column":56}},"42":{"start":{"line":96,"column":35},"end":{"line":96,"column":68}},"43":{"start":{"line":96,"column":41},"end":{"line":96,"column":68}},"44":{"start":{"line":99,"column":30},"end":{"line":99,"column":79}},"45":{"start":{"line":99,"column":43},"end":{"line":99,"column":79}},"46":{"start":{"line":102,"column":39},"end":{"line":132,"column":1}},"47":{"start":{"line":103,"column":22},"end":{"line":103,"column":74}},"48":{"start":{"line":104,"column":22},"end":{"line":104,"column":74}},"49":{"start":{"line":105,"column":29},"end":{"line":107,"column":6}},"50":{"start":{"line":108,"column":27},"end":{"line":110,"column":6}},"51":{"start":{"line":111,"column":29},"end":{"line":113,"column":6}},"52":{"start":{"line":114,"column":27},"end":{"line":116,"column":6}},"53":{"start":{"line":117,"column":28},"end":{"line":119,"column":6}},"54":{"start":{"line":120,"column":26},"end":{"line":122,"column":6}},"55":{"start":{"line":123,"column":28},"end":{"line":125,"column":6}},"56":{"start":{"line":126,"column":26},"end":{"line":128,"column":6}},"57":{"start":{"line":129,"column":4},"end":{"line":131,"column":6}},"58":{"start":{"line":134,"column":42},"end":{"line":135,"column":37}},"59":{"start":{"line":135,"column":4},"end":{"line":135,"column":37}}},"fnMap":{"0":{"name":"(anonymous_0)","decl":{"start":{"line":13,"column":31},"end":{"line":13,"column":32}},"loc":{"start":{"line":13,"column":37},"end":{"line":13,"column":65}},"line":13},"1":{"name":"(anonymous_1)","decl":{"start":{"line":14,"column":28},"end":{"line":14,"column":29}},"loc":{"start":{"line":14,"column":41},"end":{"line":14,"column":75}},"line":14},"2":{"name":"(anonymous_2)","decl":{"start":{"line":15,"column":29},"end":{"line":15,"column":30}},"loc":{"start":{"line":15,"column":35},"end":{"line":15,"column":60}},"line":15},"3":{"name":"(anonymous_3)","decl":{"start":{"line":16,"column":32},"end":{"line":16,"column":33}},"loc":{"start":{"line":17,"column":4},"end":{"line":17,"column":45}},"line":17},"4":{"name":"(anonymous_4)","decl":{"start":{"line":18,"column":29},"end":{"line":18,"column":30}},"loc":{"start":{"line":18,"column":42},"end":{"line":18,"column":77}},"line":18},"5":{"name":"(anonymous_5)","decl":{"start":{"line":19,"column":30},"end":{"line":19,"column":31}},"loc":{"start":{"line":20,"column":4},"end":{"line":20,"column":51}},"line":20},"6":{"name":"(anonymous_6)","decl":{"start":{"line":21,"column":29},"end":{"line":21,"column":30}},"loc":{"start":{"line":22,"column":4},"end":{"line":22,"column":46}},"line":22},"7":{"name":"(anonymous_7)","decl":{"start":{"line":23,"column":30},"end":{"line":23,"column":31}},"loc":{"start":{"line":23,"column":36},"end":{"line":23,"column":58}},"line":23},"8":{"name":"(anonymous_8)","decl":{"start":{"line":24,"column":27},"end":{"line":24,"column":28}},"loc":{"start":{"line":34,"column":4},"end":{"line":36,"column":5}},"line":34},"9":{"name":"(anonymous_9)","decl":{"start":{"line":39,"column":27},"end":{"line":39,"column":28}},"loc":{"start":{"line":40,"column":4},"end":{"line":40,"column":62}},"line":40},"10":{"name":"(anonymous_10)","decl":{"start":{"line":41,"column":24},"end":{"line":41,"column":25}},"loc":{"start":{"line":41,"column":30},"end":{"line":41,"column":48}},"line":41},"11":{"name":"(anonymous_11)","decl":{"start":{"line":44,"column":32},"end":{"line":44,"column":33}},"loc":{"start":{"line":54,"column":4},"end":{"line":62,"column":5}},"line":54},"12":{"name":"(anonymous_12)","decl":{"start":{"line":63,"column":33},"end":{"line":63,"column":34}},"loc":{"start":{"line":64,"column":4},"end":{"line":64,"column":43}},"line":64},"13":{"name":"(anonymous_13)","decl":{"start":{"line":65,"column":33},"end":{"line":65,"column":34}},"loc":{"start":{"line":66,"column":4},"end":{"line":66,"column":44}},"line":66},"14":{"name":"(anonymous_14)","decl":{"start":{"line":67,"column":35},"end":{"line":67,"column":36}},"loc":{"start":{"line":68,"column":4},"end":{"line":68,"column":55}},"line":68},"15":{"name":"(anonymous_15)","decl":{"start":{"line":69,"column":35},"end":{"line":69,"column":36}},"loc":{"start":{"line":69,"column":41},"end":{"line":69,"column":67}},"line":69},"16":{"name":"(anonymous_16)","decl":{"start":{"line":72,"column":32},"end":{"line":72,"column":33}},"loc":{"start":{"line":81,"column":4},"end":{"line":89,"column":5}},"line":81},"17":{"name":"(anonymous_17)","decl":{"start":{"line":90,"column":34},"end":{"line":90,"column":35}},"loc":{"start":{"line":91,"column":4},"end":{"line":91,"column":44}},"line":91},"18":{"name":"(anonymous_18)","decl":{"start":{"line":92,"column":34},"end":{"line":92,"column":35}},"loc":{"start":{"line":93,"column":4},"end":{"line":93,"column":45}},"line":93},"19":{"name":"(anonymous_19)","decl":{"start":{"line":94,"column":35},"end":{"line":94,"column":36}},"loc":{"start":{"line":95,"column":4},"end":{"line":95,"column":56}},"line":95},"20":{"name":"(anonymous_20)","decl":{"start":{"line":96,"column":35},"end":{"line":96,"column":36}},"loc":{"start":{"line":96,"column":41},"end":{"line":96,"column":68}},"line":96},"21":{"name":"(anonymous_21)","decl":{"start":{"line":99,"column":30},"end":{"line":99,"column":31}},"loc":{"start":{"line":99,"column":43},"end":{"line":99,"column":79}},"line":99},"22":{"name":"(anonymous_22)","decl":{"start":{"line":102,"column":39},"end":{"line":102,"column":40}},"loc":{"start":{"line":102,"column":56},"end":{"line":132,"column":1}},"line":102},"23":{"name":"(anonymous_23)","decl":{"start":{"line":134,"column":42},"end":{"line":134,"column":43}},"loc":{"start":{"line":135,"column":4},"end":{"line":135,"column":37}},"line":135}},"branchMap":{"0":{"loc":{"start":{"line":3,"column":4},"end":{"line":5,"column":37}},"type":"cond-expr","locations":[{"start":{"line":4,"column":10},"end":{"line":4,"column":16}},{"start":{"line":5,"column":10},"end":{"line":5,"column":37}}],"line":3},"1":{"loc":{"start":{"line":55,"column":35},"end":{"line":55,"column":55}},"type":"cond-expr","locations":[{"start":{"line":55,"column":44},"end":{"line":55,"column":50}},{"start":{"line":55,"column":53},"end":{"line":55,"column":55}}],"line":55},"2":{"loc":{"start":{"line":56,"column":12},"end":{"line":56,"column":28}},"type":"cond-expr","locations":[{"start":{"line":56,"column":19},"end":{"line":56,"column":23}},{"start":{"line":56,"column":26},"end":{"line":56,"column":28}}],"line":56},"3":{"loc":{"start":{"line":57,"column":17},"end":{"line":57,"column":33}},"type":"cond-expr","locations":[{"start":{"line":57,"column":24},"end":{"line":57,"column":28}},{"start":{"line":57,"column":31},"end":{"line":57,"column":33}}],"line":57},"4":{"loc":{"start":{"line":57,"column":44},"end":{"line":57,"column":64}},"type":"cond-expr","locations":[{"start":{"line":57,"column":53},"end":{"line":57,"column":59}},{"start":{"line":57,"column":62},"end":{"line":57,"column":64}}],"line":57},"5":{"loc":{"start":{"line":58,"column":12},"end":{"line":58,"column":42}},"type":"cond-expr","locations":[{"start":{"line":58,"column":26},"end":{"line":58,"column":37}},{"start":{"line":58,"column":40},"end":{"line":58,"column":42}}],"line":58},"6":{"loc":{"start":{"line":59,"column":22},"end":{"line":59,"column":48}},"type":"cond-expr","locations":[{"start":{"line":59,"column":34},"end":{"line":59,"column":43}},{"start":{"line":59,"column":46},"end":{"line":59,"column":48}}],"line":59},"7":{"loc":{"start":{"line":60,"column":12},"end":{"line":60,"column":42}},"type":"cond-expr","locations":[{"start":{"line":60,"column":26},"end":{"line":60,"column":37}},{"start":{"line":60,"column":40},"end":{"line":60,"column":42}}],"line":60},"8":{"loc":{"start":{"line":61,"column":22},"end":{"line":61,"column":48}},"type":"cond-expr","locations":[{"start":{"line":61,"column":34},"end":{"line":61,"column":43}},{"start":{"line":61,"column":46},"end":{"line":61,"column":48}}],"line":61},"9":{"loc":{"start":{"line":82,"column":36},"end":{"line":82,"column":56}},"type":"cond-expr","locations":[{"start":{"line":82,"column":45},"end":{"line":82,"column":51}},{"start":{"line":82,"column":54},"end":{"line":82,"column":56}}],"line":82},"10":{"loc":{"start":{"line":83,"column":12},"end":{"line":83,"column":28}},"type":"cond-expr","locations":[{"start":{"line":83,"column":19},"end":{"line":83,"column":23}},{"start":{"line":83,"column":26},"end":{"line":83,"column":28}}],"line":83},"11":{"loc":{"start":{"line":84,"column":17},"end":{"line":84,"column":33}},"type":"cond-expr","locations":[{"start":{"line":84,"column":24},"end":{"line":84,"column":28}},{"start":{"line":84,"column":31},"end":{"line":84,"column":33}}],"line":84},"12":{"loc":{"start":{"line":85,"column":12},"end":{"line":85,"column":42}},"type":"cond-expr","locations":[{"start":{"line":85,"column":26},"end":{"line":85,"column":37}},{"start":{"line":85,"column":40},"end":{"line":85,"column":42}}],"line":85},"13":{"loc":{"start":{"line":86,"column":22},"end":{"line":86,"column":48}},"type":"cond-expr","locations":[{"start":{"line":86,"column":34},"end":{"line":86,"column":43}},{"start":{"line":86,"column":46},"end":{"line":86,"column":48}}],"line":86},"14":{"loc":{"start":{"line":87,"column":12},"end":{"line":87,"column":42}},"type":"cond-expr","locations":[{"start":{"line":87,"column":26},"end":{"line":87,"column":37}},{"start":{"line":87,"column":40},"end":{"line":87,"column":42}}],"line":87},"15":{"loc":{"start":{"line":88,"column":22},"end":{"line":88,"column":48}},"type":"cond-expr","locations":[{"start":{"line":88,"column":34},"end":{"line":88,"column":43}},{"start":{"line":88,"column":46},"end":{"line":88,"column":48}}],"line":88},"16":{"loc":{"start":{"line":103,"column":30},"end":{"line":103,"column":72}},"type":"cond-expr","locations":[{"start":{"line":103,"column":50},"end":{"line":103,"column":67}},{"start":{"line":103,"column":70},"end":{"line":103,"column":72}}],"line":103},"17":{"loc":{"start":{"line":104,"column":30},"end":{"line":104,"column":72}},"type":"cond-expr","locations":[{"start":{"line":104,"column":50},"end":{"line":104,"column":67}},{"start":{"line":104,"column":70},"end":{"line":104,"column":72}}],"line":104},"18":{"loc":{"start":{"line":106,"column":8},"end":{"line":106,"column":64}},"type":"cond-expr","locations":[{"start":{"line":106,"column":35},"end":{"line":106,"column":59}},{"start":{"line":106,"column":62},"end":{"line":106,"column":64}}],"line":106},"19":{"loc":{"start":{"line":109,"column":8},"end":{"line":109,"column":60}},"type":"cond-expr","locations":[{"start":{"line":109,"column":33},"end":{"line":109,"column":55}},{"start":{"line":109,"column":58},"end":{"line":109,"column":60}}],"line":109},"20":{"loc":{"start":{"line":112,"column":8},"end":{"line":112,"column":64}},"type":"cond-expr","locations":[{"start":{"line":112,"column":35},"end":{"line":112,"column":59}},{"start":{"line":112,"column":62},"end":{"line":112,"column":64}}],"line":112},"21":{"loc":{"start":{"line":115,"column":8},"end":{"line":115,"column":60}},"type":"cond-expr","locations":[{"start":{"line":115,"column":33},"end":{"line":115,"column":55}},{"start":{"line":115,"column":58},"end":{"line":115,"column":60}}],"line":115},"22":{"loc":{"start":{"line":118,"column":8},"end":{"line":118,"column":62}},"type":"cond-expr","locations":[{"start":{"line":118,"column":34},"end":{"line":118,"column":57}},{"start":{"line":118,"column":60},"end":{"line":118,"column":62}}],"line":118},"23":{"loc":{"start":{"line":121,"column":8},"end":{"line":121,"column":58}},"type":"cond-expr","locations":[{"start":{"line":121,"column":32},"end":{"line":121,"column":53}},{"start":{"line":121,"column":56},"end":{"line":121,"column":58}}],"line":121},"24":{"loc":{"start":{"line":124,"column":8},"end":{"line":124,"column":62}},"type":"cond-expr","locations":[{"start":{"line":124,"column":34},"end":{"line":124,"column":57}},{"start":{"line":124,"column":60},"end":{"line":124,"column":62}}],"line":124},"25":{"loc":{"start":{"line":127,"column":8},"end":{"line":127,"column":58}},"type":"cond-expr","locations":[{"start":{"line":127,"column":32},"end":{"line":127,"column":53}},{"start":{"line":127,"column":56},"end":{"line":127,"column":58}}],"line":127}},"s":{"0":3,"1":3,"2":3,"3":0,"4":3,"5":0,"6":3,"7":0,"8":3,"9":0,"10":3,"11":0,"12":3,"13":0,"14":3,"15":0,"16":3,"17":0,"18":3,"19":0,"20":3,"21":0,"22":3,"23":0,"24":3,"25":1,"26":3,"27":2,"28":3,"29":2,"30":3,"31":2,"32":3,"33":1,"34":3,"35":0,"36":3,"37":0,"38":3,"39":0,"40":3,"41":0,"42":3,"43":1,"44":3,"45":2,"46":3,"47":0,"48":0,"49":0,"50":0,"51":0,"52":0,"53":0,"54":0,"55":0,"56":0,"57":0,"58":3,"59":0},"f":{"0":0,"1":0,"2":0,"3":0,"4":0,"5":0,"6":0,"7":0,"8":0,"9":0,"10":0,"11":1,"12":2,"13":2,"14":2,"15":1,"16":0,"17":0,"18":0,"19":0,"20":1,"21":2,"22":0,"23":0},"b":{"0":[0,3],"1":[0,1],"2":[0,1],"3":[0,1],"4":[0,1],"5":[0,1],"6":[0,1],"7":[0,1],"8":[0,1],"9":[0,0],"10":[0,0],"11":[0,0],"12":[0,0],"13":[0,0],"14":[0,0],"15":[0,0],"16":[0,0],"17":[0,0],"18":[0,0],"19":[0,0],"20":[0,0],"21":[0,0],"22":[0,0],"23":[0,0],"24":[0,0],"25":[0,0]},"_coverageSchema":"1a1c01bbd47fc00a2c39e90264f33305004495a9","hash":"fc923071403d5a100f57544dfd730885b8508224"}
,"/Users/bennytran/Desktop/NetEvent/netevent/client/src/reducers/errorReducers.js": {"path":"/Users/bennytran/Desktop/NetEvent/netevent/client/src/reducers/errorReducers.js","statementMap":{"0":{"start":{"line":3,"column":21},"end":{"line":5,"column":1}},"1":{"start":{"line":8,"column":4},"end":{"line":15,"column":5}},"2":{"start":{"line":10,"column":12},"end":{"line":10,"column":44}},"3":{"start":{"line":12,"column":12},"end":{"line":12,"column":32}},"4":{"start":{"line":14,"column":12},"end":{"line":14,"column":25}}},"fnMap":{"0":{"name":"errorReducers","decl":{"start":{"line":7,"column":24},"end":{"line":7,"column":37}},"loc":{"start":{"line":7,"column":68},"end":{"line":16,"column":1}},"line":7}},"branchMap":{"0":{"loc":{"start":{"line":7,"column":38},"end":{"line":7,"column":58}},"type":"default-arg","locations":[{"start":{"line":7,"column":46},"end":{"line":7,"column":58}}],"line":7},"1":{"loc":{"start":{"line":8,"column":4},"end":{"line":15,"column":5}},"type":"switch","locations":[{"start":{"line":9,"column":8},"end":{"line":10,"column":44}},{"start":{"line":11,"column":8},"end":{"line":12,"column":32}},{"start":{"line":13,"column":8},"end":{"line":14,"column":25}}],"line":8}},"s":{"0":1,"1":3,"2":1,"3":1,"4":1},"f":{"0":3},"b":{"0":[1],"1":[1,1,1]},"_coverageSchema":"1a1c01bbd47fc00a2c39e90264f33305004495a9","hash":"15431dd98eaca1b3a72d409aa6e8a61b7725a9cb"}
,"/Users/bennytran/Desktop/NetEvent/netevent/client/src/reducers/eventReducers.js": {"path":"/Users/bennytran/Desktop/NetEvent/netevent/client/src/reducers/eventReducers.js","statementMap":{"0":{"start":{"line":3,"column":21},"end":{"line":10,"column":1}},"1":{"start":{"line":13,"column":4},"end":{"line":20,"column":5}},"2":{"start":{"line":15,"column":12},"end":{"line":15,"column":59}},"3":{"start":{"line":17,"column":12},"end":{"line":17,"column":63}},"4":{"start":{"line":19,"column":12},"end":{"line":19,"column":25}}},"fnMap":{"0":{"name":"eventReducers","decl":{"start":{"line":12,"column":24},"end":{"line":12,"column":37}},"loc":{"start":{"line":12,"column":68},"end":{"line":21,"column":1}},"line":12}},"branchMap":{"0":{"loc":{"start":{"line":12,"column":38},"end":{"line":12,"column":58}},"type":"default-arg","locations":[{"start":{"line":12,"column":46},"end":{"line":12,"column":58}}],"line":12},"1":{"loc":{"start":{"line":13,"column":4},"end":{"line":20,"column":5}},"type":"switch","locations":[{"start":{"line":14,"column":8},"end":{"line":15,"column":59}},{"start":{"line":16,"column":8},"end":{"line":17,"column":63}},{"start":{"line":18,"column":8},"end":{"line":19,"column":25}}],"line":13}},"s":{"0":1,"1":3,"2":1,"3":1,"4":1},"f":{"0":3},"b":{"0":[1],"1":[1,1,1]},"_coverageSchema":"1a1c01bbd47fc00a2c39e90264f33305004495a9","hash":"9954f53193ccb961b99a77b9d09b73668a1363eb"}
,"/Users/bennytran/Desktop/NetEvent/netevent/client/src/reducers/eventTypeReducers.js": {"path":"/Users/bennytran/Desktop/NetEvent/netevent/client/src/reducers/eventTypeReducers.js","statementMap":{"0":{"start":{"line":10,"column":21},"end":{"line":17,"column":1}},"1":{"start":{"line":20,"column":4},"end":{"line":42,"column":5}},"2":{"start":{"line":22,"column":12},"end":{"line":25,"column":14}},"3":{"start":{"line":27,"column":12},"end":{"line":31,"column":14}},"4":{"start":{"line":33,"column":12},"end":{"line":33,"column":59}},"5":{"start":{"line":35,"column":12},"end":{"line":35,"column":63}},"6":{"start":{"line":37,"column":12},"end":{"line":37,"column":63}},"7":{"start":{"line":39,"column":12},"end":{"line":39,"column":63}},"8":{"start":{"line":41,"column":12},"end":{"line":41,"column":25}}},"fnMap":{"0":{"name":"eventTypeReducers","decl":{"start":{"line":19,"column":24},"end":{"line":19,"column":41}},"loc":{"start":{"line":19,"column":72},"end":{"line":43,"column":1}},"line":19}},"branchMap":{"0":{"loc":{"start":{"line":19,"column":42},"end":{"line":19,"column":62}},"type":"default-arg","locations":[{"start":{"line":19,"column":50},"end":{"line":19,"column":62}}],"line":19},"1":{"loc":{"start":{"line":20,"column":4},"end":{"line":42,"column":5}},"type":"switch","locations":[{"start":{"line":21,"column":8},"end":{"line":25,"column":14}},{"start":{"line":26,"column":8},"end":{"line":31,"column":14}},{"start":{"line":32,"column":8},"end":{"line":33,"column":59}},{"start":{"line":34,"column":8},"end":{"line":35,"column":63}},{"start":{"line":36,"column":8},"end":{"line":37,"column":63}},{"start":{"line":38,"column":8},"end":{"line":39,"column":63}},{"start":{"line":40,"column":8},"end":{"line":41,"column":25}}],"line":20}},"s":{"0":1,"1":5,"2":0,"3":0,"4":1,"5":1,"6":1,"7":1,"8":1},"f":{"0":5},"b":{"0":[1],"1":[0,0,1,1,1,1,1]},"_coverageSchema":"1a1c01bbd47fc00a2c39e90264f33305004495a9","hash":"c85f66191c295a75d8bb5f6b3ddc55c5f2b611a1"}
,"/Users/bennytran/Desktop/NetEvent/netevent/client/src/reducers/facilityHistoryReducers.js": {"path":"/Users/bennytran/Desktop/NetEvent/netevent/client/src/reducers/facilityHistoryReducers.js","statementMap":{"0":{"start":{"line":7,"column":21},"end":{"line":14,"column":1}},"1":{"start":{"line":17,"column":4},"end":{"line":33,"column":5}},"2":{"start":{"line":19,"column":12},"end":{"line":22,"column":14}},"3":{"start":{"line":24,"column":12},"end":{"line":28,"column":14}},"4":{"start":{"line":30,"column":12},"end":{"line":30,"column":59}},"5":{"start":{"line":32,"column":12},"end":{"line":32,"column":25}}},"fnMap":{"0":{"name":"facilityHistoryReducers","decl":{"start":{"line":16,"column":24},"end":{"line":16,"column":47}},"loc":{"start":{"line":16,"column":78},"end":{"line":34,"column":1}},"line":16}},"branchMap":{"0":{"loc":{"start":{"line":16,"column":48},"end":{"line":16,"column":68}},"type":"default-arg","locations":[{"start":{"line":16,"column":56},"end":{"line":16,"column":68}}],"line":16},"1":{"loc":{"start":{"line":17,"column":4},"end":{"line":33,"column":5}},"type":"switch","locations":[{"start":{"line":18,"column":8},"end":{"line":22,"column":14}},{"start":{"line":23,"column":8},"end":{"line":28,"column":14}},{"start":{"line":29,"column":8},"end":{"line":30,"column":59}},{"start":{"line":31,"column":8},"end":{"line":32,"column":25}}],"line":17}},"s":{"0":1,"1":2,"2":0,"3":0,"4":1,"5":1},"f":{"0":2},"b":{"0":[1],"1":[0,0,1,1]},"_coverageSchema":"1a1c01bbd47fc00a2c39e90264f33305004495a9","hash":"32c2f21ab7578f77b8dcfcf6364991afcb6d3beb"}
,"/Users/bennytran/Desktop/NetEvent/netevent/client/src/reducers/facilityReducers.js": {"path":"/Users/bennytran/Desktop/NetEvent/netevent/client/src/reducers/facilityReducers.js","statementMap":{"0":{"start":{"line":10,"column":21},"end":{"line":17,"column":1}},"1":{"start":{"line":20,"column":4},"end":{"line":42,"column":5}},"2":{"start":{"line":22,"column":12},"end":{"line":25,"column":14}},"3":{"start":{"line":27,"column":12},"end":{"line":31,"column":14}},"4":{"start":{"line":33,"column":12},"end":{"line":33,"column":59}},"5":{"start":{"line":35,"column":12},"end":{"line":35,"column":63}},"6":{"start":{"line":37,"column":12},"end":{"line":37,"column":63}},"7":{"start":{"line":39,"column":12},"end":{"line":39,"column":63}},"8":{"start":{"line":41,"column":12},"end":{"line":41,"column":25}}},"fnMap":{"0":{"name":"facilityReducers","decl":{"start":{"line":19,"column":24},"end":{"line":19,"column":40}},"loc":{"start":{"line":19,"column":71},"end":{"line":43,"column":1}},"line":19}},"branchMap":{"0":{"loc":{"start":{"line":19,"column":41},"end":{"line":19,"column":61}},"type":"default-arg","locations":[{"start":{"line":19,"column":49},"end":{"line":19,"column":61}}],"line":19},"1":{"loc":{"start":{"line":20,"column":4},"end":{"line":42,"column":5}},"type":"switch","locations":[{"start":{"line":21,"column":8},"end":{"line":25,"column":14}},{"start":{"line":26,"column":8},"end":{"line":31,"column":14}},{"start":{"line":32,"column":8},"end":{"line":33,"column":59}},{"start":{"line":34,"column":8},"end":{"line":35,"column":63}},{"start":{"line":36,"column":8},"end":{"line":37,"column":63}},{"start":{"line":38,"column":8},"end":{"line":39,"column":63}},{"start":{"line":40,"column":8},"end":{"line":41,"column":25}}],"line":20}},"s":{"0":1,"1":5,"2":0,"3":0,"4":1,"5":1,"6":1,"7":1,"8":1},"f":{"0":5},"b":{"0":[1],"1":[0,0,1,1,1,1,1]},"_coverageSchema":"1a1c01bbd47fc00a2c39e90264f33305004495a9","hash":"0ee067928e7a1a7c36065d2d466d88cafb7e5e26"}
,"/Users/bennytran/Desktop/NetEvent/netevent/client/src/reducers/linkReducers.js": {"path":"/Users/bennytran/Desktop/NetEvent/netevent/client/src/reducers/linkReducers.js","statementMap":{"0":{"start":{"line":3,"column":21},"end":{"line":6,"column":1}},"1":{"start":{"line":9,"column":4},"end":{"line":16,"column":5}},"2":{"start":{"line":11,"column":12},"end":{"line":11,"column":54}},"3":{"start":{"line":13,"column":12},"end":{"line":13,"column":57}},"4":{"start":{"line":15,"column":12},"end":{"line":15,"column":24}}},"fnMap":{"0":{"name":"linkReducers","decl":{"start":{"line":8,"column":24},"end":{"line":8,"column":36}},"loc":{"start":{"line":8,"column":67},"end":{"line":17,"column":1}},"line":8}},"branchMap":{"0":{"loc":{"start":{"line":8,"column":37},"end":{"line":8,"column":57}},"type":"default-arg","locations":[{"start":{"line":8,"column":45},"end":{"line":8,"column":57}}],"line":8},"1":{"loc":{"start":{"line":9,"column":4},"end":{"line":16,"column":5}},"type":"switch","locations":[{"start":{"line":10,"column":8},"end":{"line":11,"column":54}},{"start":{"line":12,"column":8},"end":{"line":13,"column":57}},{"start":{"line":14,"column":8},"end":{"line":15,"column":24}}],"line":9}},"s":{"0":1,"1":3,"2":1,"3":1,"4":1},"f":{"0":3},"b":{"0":[1],"1":[1,1,1]},"_coverageSchema":"1a1c01bbd47fc00a2c39e90264f33305004495a9","hash":"54cc6f9755e5cf9709059801fa0f1689862036cc"}
,"/Users/bennytran/Desktop/NetEvent/netevent/client/src/reducers/userReducers.js": {"path":"/Users/bennytran/Desktop/NetEvent/netevent/client/src/reducers/userReducers.js","statementMap":{"0":{"start":{"line":18,"column":21},"end":{"line":29,"column":1}},"1":{"start":{"line":32,"column":4},"end":{"line":79,"column":5}},"2":{"start":{"line":35,"column":12},"end":{"line":35,"column":54}},"3":{"start":{"line":37,"column":12},"end":{"line":37,"column":32}},"4":{"start":{"line":39,"column":12},"end":{"line":39,"column":59}},"5":{"start":{"line":41,"column":12},"end":{"line":41,"column":63}},"6":{"start":{"line":45,"column":12},"end":{"line":45,"column":54}},"7":{"start":{"line":47,"column":12},"end":{"line":47,"column":59}},"8":{"start":{"line":49,"column":12},"end":{"line":49,"column":54}},"9":{"start":{"line":51,"column":12},"end":{"line":51,"column":64}},"10":{"start":{"line":55,"column":12},"end":{"line":59,"column":14}},"11":{"start":{"line":61,"column":12},"end":{"line":64,"column":14}},"12":{"start":{"line":66,"column":12},"end":{"line":68,"column":13}},"13":{"start":{"line":72,"column":12},"end":{"line":72,"column":59}},"14":{"start":{"line":74,"column":12},"end":{"line":74,"column":59}},"15":{"start":{"line":76,"column":12},"end":{"line":76,"column":59}},"16":{"start":{"line":78,"column":12},"end":{"line":78,"column":25}}},"fnMap":{"0":{"name":"userReducers","decl":{"start":{"line":31,"column":24},"end":{"line":31,"column":36}},"loc":{"start":{"line":31,"column":67},"end":{"line":80,"column":1}},"line":31}},"branchMap":{"0":{"loc":{"start":{"line":31,"column":37},"end":{"line":31,"column":57}},"type":"default-arg","locations":[{"start":{"line":31,"column":45},"end":{"line":31,"column":57}}],"line":31},"1":{"loc":{"start":{"line":32,"column":4},"end":{"line":79,"column":5}},"type":"switch","locations":[{"start":{"line":34,"column":8},"end":{"line":35,"column":54}},{"start":{"line":36,"column":8},"end":{"line":37,"column":32}},{"start":{"line":38,"column":8},"end":{"line":39,"column":59}},{"start":{"line":40,"column":8},"end":{"line":41,"column":63}},{"start":{"line":44,"column":8},"end":{"line":45,"column":54}},{"start":{"line":46,"column":8},"end":{"line":47,"column":59}},{"start":{"line":48,"column":8},"end":{"line":49,"column":54}},{"start":{"line":50,"column":8},"end":{"line":51,"column":64}},{"start":{"line":54,"column":8},"end":{"line":59,"column":14}},{"start":{"line":60,"column":8},"end":{"line":64,"column":14}},{"start":{"line":65,"column":8},"end":{"line":68,"column":13}},{"start":{"line":71,"column":8},"end":{"line":72,"column":59}},{"start":{"line":73,"column":8},"end":{"line":74,"column":59}},{"start":{"line":75,"column":8},"end":{"line":76,"column":59}},{"start":{"line":77,"column":8},"end":{"line":78,"column":25}}],"line":32}},"s":{"0":1,"1":13,"2":1,"3":1,"4":1,"5":1,"6":1,"7":1,"8":1,"9":1,"10":0,"11":0,"12":1,"13":1,"14":1,"15":1,"16":1},"f":{"0":13},"b":{"0":[1],"1":[1,1,1,1,1,1,1,1,0,0,1,1,1,1,1]},"_coverageSchema":"1a1c01bbd47fc00a2c39e90264f33305004495a9","hash":"dd1c98a692b095992ae44870f983d2cff731d9ed"}
}
