{"C:\\Users\\ASUS\\Desktop\\RMIT study\\RMIT_COURSE\\Capstone\\netevent\\client\\src\\constants.js": {"path":"C:\\Users\\ASUS\\Desktop\\RMIT study\\RMIT_COURSE\\Capstone\\netevent\\client\\src\\constants.js","statementMap":{"0":{"start":{"line":2,"column":26},"end":{"line":2,"column":38}},"1":{"start":{"line":3,"column":27},"end":{"line":3,"column":40}},"2":{"start":{"line":4,"column":26},"end":{"line":4,"column":38}},"3":{"start":{"line":5,"column":28},"end":{"line":5,"column":42}},"4":{"start":{"line":6,"column":29},"end":{"line":6,"column":44}},"5":{"start":{"line":7,"column":30},"end":{"line":7,"column":46}},"6":{"start":{"line":9,"column":35},"end":{"line":9,"column":56}},"7":{"start":{"line":10,"column":35},"end":{"line":10,"column":56}},"8":{"start":{"line":11,"column":35},"end":{"line":11,"column":56}},"9":{"start":{"line":13,"column":27},"end":{"line":13,"column":40}},"10":{"start":{"line":14,"column":28},"end":{"line":14,"column":42}},"11":{"start":{"line":15,"column":31},"end":{"line":15,"column":48}},"12":{"start":{"line":17,"column":31},"end":{"line":17,"column":48}},"13":{"start":{"line":18,"column":29},"end":{"line":18,"column":44}},"14":{"start":{"line":19,"column":34},"end":{"line":19,"column":54}},"15":{"start":{"line":20,"column":27},"end":{"line":20,"column":40}},"16":{"start":{"line":21,"column":27},"end":{"line":21,"column":40}},"17":{"start":{"line":22,"column":27},"end":{"line":22,"column":40}},"18":{"start":{"line":25,"column":21},"end":{"line":25,"column":28}},"19":{"start":{"line":26,"column":27},"end":{"line":26,"column":40}},"20":{"start":{"line":29,"column":27},"end":{"line":29,"column":72}},"21":{"start":{"line":30,"column":26},"end":{"line":30,"column":50}},"22":{"start":{"line":32,"column":4},"end":{"line":32,"column":55}},"23":{"start":{"line":35,"column":25},"end":{"line":35,"column":36}},"24":{"start":{"line":36,"column":33},"end":{"line":36,"column":52}},"25":{"start":{"line":39,"column":32},"end":{"line":39,"column":50}},"26":{"start":{"line":40,"column":39},"end":{"line":40,"column":64}},"27":{"start":{"line":41,"column":32},"end":{"line":41,"column":50}},"28":{"start":{"line":42,"column":31},"end":{"line":42,"column":48}},"29":{"start":{"line":43,"column":31},"end":{"line":43,"column":48}},"30":{"start":{"line":44,"column":31},"end":{"line":44,"column":48}},"31":{"start":{"line":45,"column":39},"end":{"line":45,"column":64}},"32":{"start":{"line":46,"column":39},"end":{"line":46,"column":64}},"33":{"start":{"line":47,"column":39},"end":{"line":47,"column":64}},"34":{"start":{"line":50,"column":34},"end":{"line":50,"column":54}},"35":{"start":{"line":51,"column":41},"end":{"line":51,"column":68}},"36":{"start":{"line":52,"column":34},"end":{"line":52,"column":54}},"37":{"start":{"line":53,"column":33},"end":{"line":53,"column":52}},"38":{"start":{"line":54,"column":33},"end":{"line":54,"column":52}},"39":{"start":{"line":55,"column":33},"end":{"line":55,"column":52}},"40":{"start":{"line":56,"column":41},"end":{"line":56,"column":68}},"41":{"start":{"line":57,"column":41},"end":{"line":57,"column":68}},"42":{"start":{"line":58,"column":41},"end":{"line":58,"column":68}},"43":{"start":{"line":61,"column":29},"end":{"line":61,"column":44}},"44":{"start":{"line":62,"column":28},"end":{"line":62,"column":42}},"45":{"start":{"line":63,"column":36},"end":{"line":63,"column":58}},"46":{"start":{"line":66,"column":40},"end":{"line":66,"column":66}},"47":{"start":{"line":67,"column":40},"end":{"line":67,"column":66}},"48":{"start":{"line":69,"column":4},"end":{"line":69,"column":37}}},"fnMap":{},"branchMap":{},"s":{"0":3,"1":3,"2":3,"3":3,"4":3,"5":3,"6":3,"7":3,"8":3,"9":3,"10":3,"11":3,"12":3,"13":3,"14":3,"15":3,"16":3,"17":3,"18":3,"19":3,"20":3,"21":3,"22":3,"23":3,"24":3,"25":3,"26":3,"27":3,"28":3,"29":3,"30":3,"31":3,"32":3,"33":3,"34":3,"35":3,"36":3,"37":3,"38":3,"39":3,"40":3,"41":3,"42":3,"43":3,"44":3,"45":3,"46":3,"47":3,"48":3},"f":{},"b":{},"_coverageSchema":"1a1c01bbd47fc00a2c39e90264f33305004495a9","hash":"bf1fc86ad99d24ff1900be75f9296990e52197b8"}
,"C:\\Users\\ASUS\\Desktop\\RMIT study\\RMIT_COURSE\\Capstone\\netevent\\client\\src\\reducers\\errorReducers.js": {"path":"C:\\Users\\ASUS\\Desktop\\RMIT study\\RMIT_COURSE\\Capstone\\netevent\\client\\src\\reducers\\errorReducers.js","statementMap":{"0":{"start":{"line":3,"column":21},"end":{"line":5,"column":1}},"1":{"start":{"line":8,"column":4},"end":{"line":15,"column":5}},"2":{"start":{"line":10,"column":12},"end":{"line":10,"column":56}},"3":{"start":{"line":12,"column":12},"end":{"line":12,"column":32}},"4":{"start":{"line":14,"column":12},"end":{"line":14,"column":25}}},"fnMap":{"0":{"name":"errorReducers","decl":{"start":{"line":7,"column":24},"end":{"line":7,"column":37}},"loc":{"start":{"line":7,"column":68},"end":{"line":16,"column":1}},"line":7}},"branchMap":{"0":{"loc":{"start":{"line":7,"column":38},"end":{"line":7,"column":58}},"type":"default-arg","locations":[{"start":{"line":7,"column":46},"end":{"line":7,"column":58}}],"line":7},"1":{"loc":{"start":{"line":8,"column":4},"end":{"line":15,"column":5}},"type":"switch","locations":[{"start":{"line":9,"column":8},"end":{"line":10,"column":56}},{"start":{"line":11,"column":8},"end":{"line":12,"column":32}},{"start":{"line":13,"column":8},"end":{"line":14,"column":25}}],"line":8}},"s":{"0":1,"1":3,"2":1,"3":1,"4":1},"f":{"0":3},"b":{"0":[1],"1":[1,1,1]},"_coverageSchema":"1a1c01bbd47fc00a2c39e90264f33305004495a9","hash":"0c157afc4245c93fafb716c10a565312bb7b6e2a"}
,"C:\\Users\\ASUS\\Desktop\\RMIT study\\RMIT_COURSE\\Capstone\\netevent\\client\\src\\reducers\\eventReducers.js": {"path":"C:\\Users\\ASUS\\Desktop\\RMIT study\\RMIT_COURSE\\Capstone\\netevent\\client\\src\\reducers\\eventReducers.js","statementMap":{"0":{"start":{"line":3,"column":21},"end":{"line":10,"column":1}},"1":{"start":{"line":13,"column":4},"end":{"line":20,"column":5}},"2":{"start":{"line":15,"column":12},"end":{"line":15,"column":59}},"3":{"start":{"line":17,"column":12},"end":{"line":17,"column":63}},"4":{"start":{"line":19,"column":12},"end":{"line":19,"column":25}}},"fnMap":{"0":{"name":"eventReducers","decl":{"start":{"line":12,"column":24},"end":{"line":12,"column":37}},"loc":{"start":{"line":12,"column":68},"end":{"line":21,"column":1}},"line":12}},"branchMap":{"0":{"loc":{"start":{"line":12,"column":38},"end":{"line":12,"column":58}},"type":"default-arg","locations":[{"start":{"line":12,"column":46},"end":{"line":12,"column":58}}],"line":12},"1":{"loc":{"start":{"line":13,"column":4},"end":{"line":20,"column":5}},"type":"switch","locations":[{"start":{"line":14,"column":8},"end":{"line":15,"column":59}},{"start":{"line":16,"column":8},"end":{"line":17,"column":63}},{"start":{"line":18,"column":8},"end":{"line":19,"column":25}}],"line":13}},"s":{"0":1,"1":3,"2":1,"3":1,"4":1},"f":{"0":3},"b":{"0":[1],"1":[1,1,1]},"_coverageSchema":"1a1c01bbd47fc00a2c39e90264f33305004495a9","hash":"09152723383f7988a45cfee2ef83ad39d2975340"}
,"C:\\Users\\ASUS\\Desktop\\RMIT study\\RMIT_COURSE\\Capstone\\netevent\\client\\src\\reducers\\eventTypeReducers.js": {"path":"C:\\Users\\ASUS\\Desktop\\RMIT study\\RMIT_COURSE\\Capstone\\netevent\\client\\src\\reducers\\eventTypeReducers.js","statementMap":{"0":{"start":{"line":10,"column":21},"end":{"line":17,"column":1}},"1":{"start":{"line":20,"column":4},"end":{"line":42,"column":5}},"2":{"start":{"line":22,"column":12},"end":{"line":25,"column":14}},"3":{"start":{"line":27,"column":12},"end":{"line":31,"column":14}},"4":{"start":{"line":33,"column":12},"end":{"line":33,"column":59}},"5":{"start":{"line":35,"column":12},"end":{"line":35,"column":63}},"6":{"start":{"line":37,"column":12},"end":{"line":37,"column":63}},"7":{"start":{"line":39,"column":12},"end":{"line":39,"column":63}},"8":{"start":{"line":41,"column":12},"end":{"line":41,"column":25}}},"fnMap":{"0":{"name":"eventTypeReducers","decl":{"start":{"line":19,"column":24},"end":{"line":19,"column":41}},"loc":{"start":{"line":19,"column":72},"end":{"line":43,"column":1}},"line":19}},"branchMap":{"0":{"loc":{"start":{"line":19,"column":42},"end":{"line":19,"column":62}},"type":"default-arg","locations":[{"start":{"line":19,"column":50},"end":{"line":19,"column":62}}],"line":19},"1":{"loc":{"start":{"line":20,"column":4},"end":{"line":42,"column":5}},"type":"switch","locations":[{"start":{"line":21,"column":8},"end":{"line":25,"column":14}},{"start":{"line":26,"column":8},"end":{"line":31,"column":14}},{"start":{"line":32,"column":8},"end":{"line":33,"column":59}},{"start":{"line":34,"column":8},"end":{"line":35,"column":63}},{"start":{"line":36,"column":8},"end":{"line":37,"column":63}},{"start":{"line":38,"column":8},"end":{"line":39,"column":63}},{"start":{"line":40,"column":8},"end":{"line":41,"column":25}}],"line":20}},"s":{"0":1,"1":2,"2":1,"3":0,"4":0,"5":0,"6":0,"7":0,"8":1},"f":{"0":2},"b":{"0":[1],"1":[1,0,0,0,0,0,1]},"_coverageSchema":"1a1c01bbd47fc00a2c39e90264f33305004495a9","hash":"11f38fb0c78c48c96aea833d2c9bdfdc750901c4"}
}
