TN:
SF:src/constants.js
FNF:0
FNH:0
DA:2,24
DA:3,24
DA:4,24
DA:5,24
DA:6,24
DA:7,24
DA:9,24
DA:10,24
DA:11,24
DA:13,24
DA:14,24
DA:15,24
DA:17,24
DA:18,24
DA:19,24
DA:20,24
DA:21,24
DA:22,24
DA:25,24
DA:26,24
DA:29,24
DA:30,24
DA:32,24
DA:35,24
DA:36,24
DA:39,24
DA:40,24
DA:41,24
DA:42,24
DA:43,24
DA:44,24
DA:45,24
DA:46,24
DA:47,24
DA:50,24
DA:51,24
DA:52,24
DA:53,24
DA:54,24
DA:55,24
DA:56,24
DA:57,24
DA:58,24
DA:61,24
DA:62,24
DA:63,24
DA:66,24
DA:67,24
DA:69,24
LF:49
LH:49
BRF:0
BRH:0
end_of_record
TN:
SF:src/Layouts/Dashboard/DashboardNavbar/DashboardNavbar.js
FN:12,(anonymous_0)
FN:17,(anonymous_1)
FNF:2
FNH:0
FNDA:0,(anonymous_0)
FNDA:0,(anonymous_1)
DA:12,2
DA:13,0
DA:14,0
DA:15,0
DA:17,0
DA:18,0
DA:21,0
DA:56,2
LF:8
LH:2
BRDA:36,0,0,0
BRDA:36,0,1,0
BRF:2
BRH:0
end_of_record
TN:
SF:src/Layouts/Dashboard/DashboardNavbar/styles.js
FN:3,(anonymous_0)
FNF:1
FNH:0
FNDA:0,(anonymous_0)
DA:3,0
LF:1
LH:0
BRF:0
BRH:0
end_of_record
TN:
SF:src/Layouts/Dashboard/DashboardSidebar/DashboardSidebar.js
FN:70,(anonymous_0)
FN:73,(anonymous_1)
FN:77,(anonymous_2)
FN:87,(anonymous_3)
FN:98,(anonymous_4)
FN:162,(anonymous_5)
FNF:6
FNH:0
FNDA:0,(anonymous_0)
FNDA:0,(anonymous_1)
FNDA:0,(anonymous_2)
FNDA:0,(anonymous_3)
FNDA:0,(anonymous_4)
FNDA:0,(anonymous_5)
DA:21,1
DA:28,1
DA:57,1
DA:70,1
DA:71,0
DA:72,0
DA:73,0
DA:77,0
DA:78,0
DA:87,0
DA:88,0
DA:98,0
DA:99,0
DA:100,0
DA:105,0
DA:124,0
DA:156,1
DA:161,1
LF:18
LH:6
BRDA:99,0,0,0
BRDA:99,0,1,0
BRDA:99,1,0,0
BRDA:99,1,1,0
BRF:4
BRH:0
end_of_record
TN:
SF:src/Layouts/Dashboard/DashboardSidebar/NavItem.js
FN:8,(anonymous_0)
FN:15,(anonymous_1)
FNF:2
FNH:0
FNDA:0,(anonymous_0)
FNDA:0,(anonymous_1)
DA:8,2
DA:9,0
DA:10,0
DA:11,0
DA:12,0
DA:13,0
DA:15,0
DA:16,0
DA:17,0
DA:20,0
DA:22,0
DA:23,0
DA:27,0
DA:46,2
LF:14
LH:2
BRDA:13,0,0,0
BRDA:13,0,1,0
BRDA:16,1,0,0
BRDA:16,1,1,0
BRDA:22,2,0,0
BRDA:22,2,1,0
BRDA:36,3,0,0
BRDA:36,3,1,0
BRDA:39,4,0,0
BRDA:39,4,1,0
BRF:10
BRH:0
end_of_record
TN:
SF:src/Layouts/Dashboard/DashboardSidebar/styles.js
FN:3,(anonymous_0)
FNF:1
FNH:0
FNDA:0,(anonymous_0)
DA:3,0
LF:1
LH:0
BRF:0
BRH:0
end_of_record
TN:
SF:src/actions/eventActions.js
FN:10,(anonymous_0)
FN:17,(anonymous_1)
FN:17,(anonymous_2)
FN:30,(anonymous_3)
FNF:4
FNH:3
FNDA:3,(anonymous_0)
FNDA:3,(anonymous_1)
FNDA:3,(anonymous_2)
FNDA:0,(anonymous_3)
DA:10,2
DA:11,3
DA:17,3
DA:18,3
DA:19,3
DA:20,3
DA:21,0
DA:25,0
DA:30,0
DA:31,0
DA:37,0
DA:38,0
DA:43,0
DA:45,0
LF:14
LH:6
BRDA:37,0,0,0
BRDA:37,0,1,0
BRF:2
BRH:0
end_of_record
TN:
SF:src/actions/eventTypeActions.js
FN:20,(anonymous_0)
FN:27,(anonymous_1)
FN:27,(anonymous_2)
FN:40,(anonymous_3)
FN:48,(anonymous_4)
FN:69,(anonymous_5)
FN:69,(anonymous_6)
FN:82,(anonymous_7)
FN:100,(anonymous_8)
FN:100,(anonymous_9)
FN:113,(anonymous_10)
FN:130,(anonymous_11)
FN:130,(anonymous_12)
FN:144,(anonymous_13)
FNF:14
FNH:11
FNDA:11,(anonymous_0)
FNDA:1,(anonymous_1)
FNDA:1,(anonymous_2)
FNDA:1,(anonymous_3)
FNDA:1,(anonymous_4)
FNDA:3,(anonymous_5)
FNDA:3,(anonymous_6)
FNDA:0,(anonymous_7)
FNDA:3,(anonymous_8)
FNDA:3,(anonymous_9)
FNDA:0,(anonymous_10)
FNDA:3,(anonymous_11)
FNDA:3,(anonymous_12)
FNDA:0,(anonymous_13)
DA:20,3
DA:21,11
DA:27,3
DA:28,1
DA:29,1
DA:30,1
DA:31,0
DA:36,0
DA:38,0
DA:40,3
DA:48,1
DA:49,1
DA:50,1
DA:51,1
DA:60,0
DA:65,0
DA:67,0
DA:69,3
DA:70,3
DA:71,3
DA:72,3
DA:73,0
DA:77,0
DA:82,0
DA:83,0
DA:89,0
DA:90,0
DA:95,0
DA:97,0
DA:100,3
DA:101,3
DA:102,3
DA:103,3
DA:104,0
DA:108,0
DA:113,0
DA:114,0
DA:120,0
DA:121,0
DA:126,0
DA:128,0
DA:130,3
DA:131,3
DA:132,3
DA:133,3
DA:135,0
DA:139,0
DA:144,0
DA:145,0
DA:151,0
DA:152,0
DA:157,0
DA:159,0
LF:53
LH:23
BRDA:89,0,0,0
BRDA:89,0,1,0
BRDA:120,1,0,0
BRDA:120,1,1,0
BRDA:151,2,0,0
BRDA:151,2,1,0
BRF:6
BRH:0
end_of_record
TN:
SF:src/actions/facilityActions.js
FN:20,(anonymous_0)
FN:27,(anonymous_1)
FN:27,(anonymous_2)
FN:40,(anonymous_3)
FN:49,(anonymous_4)
FN:71,(anonymous_5)
FN:71,(anonymous_6)
FN:84,(anonymous_7)
FN:102,(anonymous_8)
FN:102,(anonymous_9)
FN:115,(anonymous_10)
FN:132,(anonymous_11)
FN:132,(anonymous_12)
FN:146,(anonymous_13)
FNF:14
FNH:11
FNDA:8,(anonymous_0)
FNDA:1,(anonymous_1)
FNDA:1,(anonymous_2)
FNDA:1,(anonymous_3)
FNDA:1,(anonymous_4)
FNDA:2,(anonymous_5)
FNDA:2,(anonymous_6)
FNDA:0,(anonymous_7)
FNDA:2,(anonymous_8)
FNDA:2,(anonymous_9)
FNDA:0,(anonymous_10)
FNDA:2,(anonymous_11)
FNDA:2,(anonymous_12)
FNDA:0,(anonymous_13)
DA:20,3
DA:21,8
DA:27,3
DA:28,1
DA:29,1
DA:30,1
DA:31,0
DA:36,0
DA:38,0
DA:40,3
DA:49,1
DA:50,1
DA:51,1
DA:52,1
DA:62,0
DA:67,0
DA:69,0
DA:71,3
DA:72,2
DA:73,2
DA:74,2
DA:75,0
DA:79,0
DA:84,0
DA:85,0
DA:91,0
DA:92,0
DA:97,0
DA:99,0
DA:102,3
DA:103,2
DA:104,2
DA:105,2
DA:106,0
DA:110,0
DA:115,0
DA:116,0
DA:122,0
DA:123,0
DA:128,0
DA:130,0
DA:132,3
DA:133,2
DA:134,2
DA:135,2
DA:137,0
DA:141,0
DA:146,0
DA:147,0
DA:153,0
DA:154,0
DA:159,0
DA:161,0
LF:53
LH:23
BRDA:91,0,0,0
BRDA:91,0,1,0
BRDA:122,1,0,0
BRDA:122,1,1,0
BRDA:153,2,0,0
BRDA:153,2,1,0
BRF:6
BRH:0
end_of_record
TN:
SF:src/actions/facilityHistoryActions.js
FN:10,(anonymous_0)
FN:16,(anonymous_1)
FN:16,(anonymous_2)
FN:29,(anonymous_3)
FN:29,(anonymous_4)
FNF:5
FNH:5
FNDA:2,(anonymous_0)
FNDA:1,(anonymous_1)
FNDA:1,(anonymous_2)
FNDA:1,(anonymous_3)
FNDA:1,(anonymous_4)
DA:10,2
DA:11,2
DA:16,2
DA:17,1
DA:18,1
DA:19,1
DA:20,0
DA:25,0
DA:27,0
DA:29,2
DA:30,1
DA:31,1
DA:32,1
DA:33,0
DA:38,0
DA:40,0
LF:16
LH:10
BRF:0
BRH:0
end_of_record
TN:
SF:src/actions/linkActions.js
FN:5,(anonymous_0)
FN:5,(anonymous_1)
FNF:2
FNH:2
FNDA:2,(anonymous_0)
FNDA:2,(anonymous_1)
DA:5,2
DA:6,2
DA:7,2
DA:8,0
DA:9,0
DA:13,0
LF:6
LH:3
BRF:0
BRH:0
end_of_record
TN:
SF:src/actions/userActions.js
FN:24,(anonymous_0)
FN:32,(anonymous_1)
FN:39,(anonymous_2)
FN:39,(anonymous_3)
FN:63,(anonymous_4)
FN:63,(anonymous_5)
FN:84,(anonymous_6)
FN:84,(anonymous_7)
FN:99,(anonymous_8)
FN:99,(anonymous_9)
FN:141,(anonymous_10)
FN:142,(anonymous_11)
FN:145,(anonymous_12)
FN:145,(anonymous_13)
FN:162,(anonymous_14)
FN:171,(anonymous_15)
FN:190,(anonymous_16)
FN:190,(anonymous_17)
FN:201,(anonymous_18)
FN:201,(anonymous_19)
FN:210,(anonymous_20)
FN:229,(anonymous_21)
FN:229,(anonymous_22)
FN:238,(anonymous_23)
FN:257,(anonymous_24)
FN:257,(anonymous_25)
FN:271,(anonymous_26)
FNF:27
FNH:22
FNDA:13,(anonymous_0)
FNDA:2,(anonymous_1)
FNDA:2,(anonymous_2)
FNDA:2,(anonymous_3)
FNDA:1,(anonymous_4)
FNDA:1,(anonymous_5)
FNDA:1,(anonymous_6)
FNDA:1,(anonymous_7)
FNDA:2,(anonymous_8)
FNDA:2,(anonymous_9)
FNDA:0,(anonymous_10)
FNDA:0,(anonymous_11)
FNDA:4,(anonymous_12)
FNDA:4,(anonymous_13)
FNDA:1,(anonymous_14)
FNDA:1,(anonymous_15)
FNDA:1,(anonymous_16)
FNDA:1,(anonymous_17)
FNDA:3,(anonymous_18)
FNDA:3,(anonymous_19)
FNDA:0,(anonymous_20)
FNDA:3,(anonymous_21)
FNDA:3,(anonymous_22)
FNDA:0,(anonymous_23)
FNDA:2,(anonymous_24)
FNDA:2,(anonymous_25)
FNDA:0,(anonymous_26)
DA:24,9
DA:25,13
DA:32,9
DA:33,2
DA:39,9
DA:40,2
DA:41,2
DA:43,2
DA:44,0
DA:50,0
DA:52,0
DA:53,0
DA:58,0
DA:60,0
DA:63,9
DA:64,1
DA:65,1
DA:67,1
DA:68,0
DA:74,0
DA:77,0
DA:79,0
DA:81,0
DA:84,9
DA:86,1
DA:87,1
DA:88,0
DA:89,0
DA:93,0
DA:95,0
DA:99,9
DA:100,2
DA:101,2
DA:106,0
DA:118,0
DA:120,0
DA:121,0
DA:128,0
DA:132,0
DA:136,0
DA:138,0
DA:141,9
DA:142,0
DA:145,9
DA:146,4
DA:147,4
DA:148,4
DA:149,0
DA:150,0
DA:151,0
DA:152,0
DA:153,0
DA:154,0
DA:156,0
DA:158,0
DA:162,9
DA:171,1
DA:172,1
DA:173,1
DA:174,1
DA:184,0
DA:186,0
DA:188,0
DA:190,9
DA:191,1
DA:192,1
DA:193,1
DA:194,0
DA:196,0
DA:198,0
DA:201,9
DA:202,3
DA:203,3
DA:204,3
DA:205,0
DA:206,0
DA:210,0
DA:211,0
DA:217,0
DA:218,0
DA:223,0
DA:225,0
DA:229,9
DA:230,3
DA:231,3
DA:232,3
DA:233,0
DA:234,0
DA:238,0
DA:239,0
DA:242,0
DA:243,0
DA:246,0
DA:247,0
DA:252,0
DA:254,0
DA:257,9
DA:258,2
DA:259,2
DA:260,2
DA:261,0
DA:266,0
DA:271,0
DA:272,0
DA:279,0
DA:280,0
DA:283,0
LF:107
LH:44
BRDA:52,0,0,0
BRDA:52,0,1,0
BRDA:101,1,0,0
BRDA:101,1,1,0
BRDA:108,2,0,0
BRDA:108,2,1,0
BRDA:128,3,0,0
BRDA:128,3,1,0
BRDA:128,4,0,0
BRDA:128,4,1,0
BRDA:217,5,0,0
BRDA:217,5,1,0
BRDA:242,6,0,0
BRDA:242,6,1,0
BRDA:246,7,0,0
BRDA:246,7,1,0
BRDA:279,8,0,0
BRDA:279,8,1,0
BRF:18
BRH:0
end_of_record
TN:
SF:src/api/index.js
FN:13,(anonymous_0)
FN:14,(anonymous_1)
FN:15,(anonymous_2)
FN:16,(anonymous_3)
FN:18,(anonymous_4)
FN:19,(anonymous_5)
FN:21,(anonymous_6)
FN:23,(anonymous_7)
FN:24,(anonymous_8)
FN:39,(anonymous_9)
FN:41,(anonymous_10)
FN:44,(anonymous_11)
FN:63,(anonymous_12)
FN:65,(anonymous_13)
FN:67,(anonymous_14)
FN:69,(anonymous_15)
FN:72,(anonymous_16)
FN:90,(anonymous_17)
FN:92,(anonymous_18)
FN:94,(anonymous_19)
FN:96,(anonymous_20)
FN:99,(anonymous_21)
FN:102,(anonymous_22)
FN:134,(anonymous_23)
FNF:24
FNH:23
FNDA:0,(anonymous_0)
FNDA:2,(anonymous_1)
FNDA:1,(anonymous_2)
FNDA:1,(anonymous_3)
FNDA:3,(anonymous_4)
FNDA:2,(anonymous_5)
FNDA:3,(anonymous_6)
FNDA:1,(anonymous_7)
FNDA:1,(anonymous_8)
FNDA:4,(anonymous_9)
FNDA:2,(anonymous_10)
FNDA:1,(anonymous_11)
FNDA:2,(anonymous_12)
FNDA:2,(anonymous_13)
FNDA:2,(anonymous_14)
FNDA:1,(anonymous_15)
FNDA:1,(anonymous_16)
FNDA:3,(anonymous_17)
FNDA:3,(anonymous_18)
FNDA:3,(anonymous_19)
FNDA:1,(anonymous_20)
FNDA:3,(anonymous_21)
FNDA:1,(anonymous_22)
FNDA:1,(anonymous_23)
DA:3,16
DA:7,16
DA:13,16
DA:14,16
DA:15,16
DA:16,16
DA:17,1
DA:18,16
DA:19,16
DA:20,2
DA:21,16
DA:22,3
DA:23,16
DA:24,16
DA:34,1
DA:39,16
DA:40,4
DA:41,16
DA:44,16
DA:54,1
DA:63,16
DA:64,2
DA:65,16
DA:66,2
DA:67,16
DA:68,2
DA:69,16
DA:72,16
DA:81,1
DA:90,16
DA:91,3
DA:92,16
DA:93,3
DA:94,16
DA:95,3
DA:96,16
DA:99,16
DA:102,16
DA:103,1
DA:104,1
DA:105,1
DA:108,1
DA:111,1
DA:114,1
DA:117,1
DA:120,1
DA:123,1
DA:126,1
DA:129,1
DA:134,16
DA:135,1
LF:51
LH:51
BRDA:3,0,0,0
BRDA:3,0,1,16
BRDA:55,1,0,0
BRDA:55,1,1,1
BRDA:56,2,0,0
BRDA:56,2,1,1
BRDA:57,3,0,0
BRDA:57,3,1,1
BRDA:57,4,0,0
BRDA:57,4,1,1
BRDA:58,5,0,0
BRDA:58,5,1,1
BRDA:59,6,0,0
BRDA:59,6,1,1
BRDA:60,7,0,0
BRDA:60,7,1,1
BRDA:61,8,0,0
BRDA:61,8,1,1
BRDA:82,9,0,0
BRDA:82,9,1,1
BRDA:83,10,0,0
BRDA:83,10,1,1
BRDA:84,11,0,0
BRDA:84,11,1,1
BRDA:85,12,0,0
BRDA:85,12,1,1
BRDA:86,13,0,0
BRDA:86,13,1,1
BRDA:87,14,0,0
BRDA:87,14,1,1
BRDA:88,15,0,0
BRDA:88,15,1,1
BRDA:103,16,0,0
BRDA:103,16,1,1
BRDA:104,17,0,0
BRDA:104,17,1,1
BRDA:106,18,0,0
BRDA:106,18,1,1
BRDA:109,19,0,0
BRDA:109,19,1,1
BRDA:112,20,0,0
BRDA:112,20,1,1
BRDA:115,21,0,0
BRDA:115,21,1,1
BRDA:118,22,0,0
BRDA:118,22,1,1
BRDA:121,23,0,0
BRDA:121,23,1,1
BRDA:124,24,0,0
BRDA:124,24,1,1
BRDA:127,25,0,0
BRDA:127,25,1,1
BRF:52
BRH:26
end_of_record
TN:
SF:src/components/CreateEvent/CreateEvent.js
FN:127,(anonymous_0)
FN:142,(anonymous_1)
FN:167,(anonymous_2)
FN:187,(anonymous_3)
FN:197,(anonymous_4)
FN:204,(anonymous_5)
FN:205,(anonymous_6)
FN:216,(anonymous_7)
FN:222,(anonymous_8)
FN:223,(anonymous_9)
FN:228,(anonymous_10)
FN:231,(anonymous_11)
FN:232,(anonymous_12)
FN:237,(anonymous_13)
FN:259,(anonymous_14)
FN:278,(anonymous_15)
FN:288,(anonymous_16)
FN:299,(anonymous_17)
FN:302,(anonymous_18)
FN:316,(anonymous_19)
FN:322,(anonymous_20)
FN:323,(anonymous_21)
FN:328,(anonymous_22)
FN:332,(anonymous_23)
FN:335,(anonymous_24)
FN:350,(anonymous_25)
FN:351,(anonymous_26)
FN:357,(anonymous_27)
FN:389,(anonymous_28)
FN:394,(anonymous_29)
FN:421,(anonymous_30)
FN:422,(anonymous_31)
FN:426,(anonymous_32)
FN:441,(anonymous_33)
FN:442,(anonymous_34)
FN:447,(anonymous_35)
FN:451,(anonymous_36)
FN:454,(anonymous_37)
FN:471,(anonymous_38)
FN:472,(anonymous_39)
FN:478,(anonymous_40)
FN:522,(anonymous_41)
FN:527,(anonymous_42)
FN:558,(anonymous_43)
FN:559,(anonymous_44)
FN:563,(anonymous_45)
FN:578,(anonymous_46)
FN:653,(anonymous_47)
FN:892,(anonymous_48)
FN:971,(anonymous_49)
FN:974,(anonymous_50)
FN:979,(anonymous_51)
FN:994,(anonymous_52)
FN:996,(anonymous_53)
FN:1001,(anonymous_54)
FN:1004,(anonymous_55)
FN:1008,(anonymous_56)
FN:1056,(anonymous_57)
FN:1059,(anonymous_58)
FN:1061,(anonymous_59)
FN:1069,(anonymous_60)
FNF:61
FNH:0
FNDA:0,(anonymous_0)
FNDA:0,(anonymous_1)
FNDA:0,(anonymous_2)
FNDA:0,(anonymous_3)
FNDA:0,(anonymous_4)
FNDA:0,(anonymous_5)
FNDA:0,(anonymous_6)
FNDA:0,(anonymous_7)
FNDA:0,(anonymous_8)
FNDA:0,(anonymous_9)
FNDA:0,(anonymous_10)
FNDA:0,(anonymous_11)
FNDA:0,(anonymous_12)
FNDA:0,(anonymous_13)
FNDA:0,(anonymous_14)
FNDA:0,(anonymous_15)
FNDA:0,(anonymous_16)
FNDA:0,(anonymous_17)
FNDA:0,(anonymous_18)
FNDA:0,(anonymous_19)
FNDA:0,(anonymous_20)
FNDA:0,(anonymous_21)
FNDA:0,(anonymous_22)
FNDA:0,(anonymous_23)
FNDA:0,(anonymous_24)
FNDA:0,(anonymous_25)
FNDA:0,(anonymous_26)
FNDA:0,(anonymous_27)
FNDA:0,(anonymous_28)
FNDA:0,(anonymous_29)
FNDA:0,(anonymous_30)
FNDA:0,(anonymous_31)
FNDA:0,(anonymous_32)
FNDA:0,(anonymous_33)
FNDA:0,(anonymous_34)
FNDA:0,(anonymous_35)
FNDA:0,(anonymous_36)
FNDA:0,(anonymous_37)
FNDA:0,(anonymous_38)
FNDA:0,(anonymous_39)
FNDA:0,(anonymous_40)
FNDA:0,(anonymous_41)
FNDA:0,(anonymous_42)
FNDA:0,(anonymous_43)
FNDA:0,(anonymous_44)
FNDA:0,(anonymous_45)
FNDA:0,(anonymous_46)
FNDA:0,(anonymous_47)
FNDA:0,(anonymous_48)
FNDA:0,(anonymous_49)
FNDA:0,(anonymous_50)
FNDA:0,(anonymous_51)
FNDA:0,(anonymous_52)
FNDA:0,(anonymous_53)
FNDA:0,(anonymous_54)
FNDA:0,(anonymous_55)
FNDA:0,(anonymous_56)
FNDA:0,(anonymous_57)
FNDA:0,(anonymous_58)
FNDA:0,(anonymous_59)
FNDA:0,(anonymous_60)
DA:40,1
DA:41,1
DA:73,1
DA:96,1
DA:111,1
DA:127,1
DA:128,0
DA:129,0
DA:130,0
DA:142,0
DA:154,0
DA:156,0
DA:157,0
DA:162,0
DA:163,0
DA:166,0
DA:168,0
DA:169,0
DA:170,0
DA:171,0
DA:172,0
DA:173,0
DA:174,0
DA:176,0
DA:177,0
DA:187,0
DA:188,0
DA:189,0
DA:190,0
DA:191,0
DA:192,0
DA:193,0
DA:197,0
DA:204,0
DA:205,0
DA:210,0
DA:211,0
DA:216,0
DA:217,0
DA:218,0
DA:219,0
DA:220,0
DA:222,0
DA:223,0
DA:228,0
DA:229,0
DA:231,0
DA:232,0
DA:237,0
DA:252,0
DA:254,0
DA:259,0
DA:285,0
DA:287,0
DA:288,0
DA:290,0
DA:300,0
DA:301,0
DA:302,0
DA:304,0
DA:312,0
DA:316,0
DA:317,0
DA:322,0
DA:323,0
DA:328,0
DA:330,0
DA:331,0
DA:332,0
DA:335,0
DA:344,0
DA:350,0
DA:351,0
DA:357,0
DA:358,0
DA:359,0
DA:360,0
DA:361,0
DA:366,0
DA:367,0
DA:372,0
DA:373,0
DA:378,0
DA:379,0
DA:387,0
DA:388,0
DA:389,0
DA:394,0
DA:395,0
DA:396,0
DA:414,0
DA:418,0
DA:421,0
DA:422,0
DA:423,0
DA:427,0
DA:435,0
DA:441,0
DA:442,0
DA:447,0
DA:449,0
DA:450,0
DA:451,0
DA:454,0
DA:465,0
DA:471,0
DA:472,0
DA:478,0
DA:479,0
DA:480,0
DA:481,0
DA:482,0
DA:487,0
DA:488,0
DA:493,0
DA:494,0
DA:499,0
DA:500,0
DA:505,0
DA:506,0
DA:511,0
DA:512,0
DA:520,0
DA:521,0
DA:522,0
DA:527,0
DA:528,0
DA:529,0
DA:551,0
DA:555,0
DA:558,0
DA:559,0
DA:560,0
DA:563,0
DA:573,0
DA:578,0
DA:579,0
DA:580,0
DA:581,0
DA:582,0
DA:586,0
DA:654,0
DA:658,0
DA:892,0
DA:972,0
DA:975,0
DA:980,0
DA:983,0
DA:995,0
DA:996,0
DA:999,0
DA:1002,0
DA:1005,0
DA:1009,0
DA:1012,0
DA:1057,0
DA:1060,0
DA:1061,0
DA:1064,0
DA:1069,0
LF:160
LH:6
BRDA:176,0,0,0
BRDA:176,0,1,0
BRDA:188,1,0,0
BRDA:188,1,1,0
BRDA:210,2,0,0
BRDA:210,2,1,0
BRDA:257,3,0,0
BRDA:257,3,1,0
BRDA:270,4,0,0
BRDA:270,4,1,0
BRDA:271,5,0,0
BRDA:271,5,1,0
BRDA:330,6,0,0
BRDA:330,6,1,0
BRDA:337,7,0,0
BRDA:337,7,1,0
BRDA:338,8,0,0
BRDA:338,8,1,0
BRDA:339,9,0,0
BRDA:339,9,1,0
BRDA:341,10,0,0
BRDA:341,10,1,0
BRDA:360,11,0,0
BRDA:360,11,1,0
BRDA:366,12,0,0
BRDA:366,12,1,0
BRDA:372,13,0,0
BRDA:372,13,1,0
BRDA:378,14,0,0
BRDA:378,14,1,0
BRDA:387,15,0,0
BRDA:387,15,1,0
BRDA:395,16,0,0
BRDA:395,16,1,0
BRDA:449,17,0,0
BRDA:449,17,1,0
BRDA:456,18,0,0
BRDA:456,18,1,0
BRDA:457,19,0,0
BRDA:457,19,1,0
BRDA:458,20,0,0
BRDA:458,20,1,0
BRDA:459,21,0,0
BRDA:459,21,1,0
BRDA:460,22,0,0
BRDA:460,22,1,0
BRDA:462,23,0,0
BRDA:462,23,1,0
BRDA:481,24,0,0
BRDA:481,24,1,0
BRDA:487,25,0,0
BRDA:487,25,1,0
BRDA:493,26,0,0
BRDA:493,26,1,0
BRDA:499,27,0,0
BRDA:499,27,1,0
BRDA:505,28,0,0
BRDA:505,28,1,0
BRDA:511,29,0,0
BRDA:511,29,1,0
BRDA:520,30,0,0
BRDA:520,30,1,0
BRDA:528,31,0,0
BRDA:528,31,1,0
BRDA:580,32,0,0
BRDA:580,32,1,0
BRDA:617,33,0,0
BRDA:617,33,1,0
BRDA:624,34,0,0
BRDA:624,34,1,0
BRDA:626,35,0,0
BRDA:626,35,1,0
BRDA:649,36,0,0
BRDA:649,36,1,0
BRDA:672,37,0,0
BRDA:672,37,1,0
BRDA:735,38,0,0
BRDA:735,38,1,0
BRDA:757,39,0,0
BRDA:757,39,1,0
BRDA:760,40,0,0
BRDA:760,40,1,0
BRDA:828,41,0,0
BRDA:828,41,1,0
BRDA:832,42,0,0
BRDA:832,42,1,0
BRDA:864,43,0,0
BRDA:864,43,1,0
BRDA:867,44,0,0
BRDA:867,44,1,0
BRDA:910,45,0,0
BRDA:910,45,1,0
BRDA:967,46,0,0
BRDA:967,46,1,0
BRDA:969,47,0,0
BRDA:969,47,1,0
BRDA:983,48,0,0
BRDA:983,48,1,0
BRDA:985,49,0,0
BRDA:985,49,1,0
BRDA:1012,50,0,0
BRDA:1012,50,1,0
BRDA:1014,51,0,0
BRDA:1014,51,1,0
BRDA:1054,52,0,0
BRDA:1054,52,1,0
BRF:106
BRH:0
end_of_record
TN:
SF:src/components/CreateEvent/styles.js
FN:3,(anonymous_0)
FNF:1
FNH:0
FNDA:0,(anonymous_0)
DA:3,0
LF:1
LH:0
BRF:0
BRH:0
end_of_record
TN:
SF:src/components/CreateEvent/BorrowFacilityDialog/BorrowFailityDialog.js
FN:21,Transition
FN:24,(anonymous_1)
FN:52,(anonymous_2)
FN:80,(anonymous_3)
FN:81,(anonymous_4)
FN:111,(anonymous_5)
FN:112,(anonymous_6)
FN:127,(anonymous_7)
FN:128,(anonymous_8)
FN:129,(anonymous_9)
FN:137,(anonymous_10)
FNF:11
FNH:0
FNDA:0,Transition
FNDA:0,(anonymous_1)
FNDA:0,(anonymous_2)
FNDA:0,(anonymous_3)
FNDA:0,(anonymous_4)
FNDA:0,(anonymous_5)
FNDA:0,(anonymous_6)
FNDA:0,(anonymous_7)
FNDA:0,(anonymous_8)
FNDA:0,(anonymous_9)
FNDA:0,(anonymous_10)
DA:21,2
DA:22,0
DA:24,2
DA:42,0
DA:43,0
DA:52,0
DA:81,0
DA:112,0
DA:127,0
DA:129,0
DA:138,0
LF:11
LH:2
BRDA:56,0,0,0
BRDA:56,0,1,0
BRDA:64,1,0,0
BRDA:64,1,1,0
BRDA:66,2,0,0
BRDA:66,2,1,0
BRDA:69,3,0,0
BRDA:69,3,1,0
BRDA:83,4,0,0
BRDA:83,4,1,0
BRDA:97,5,0,0
BRDA:97,5,1,0
BRDA:99,6,0,0
BRDA:99,6,1,0
BRDA:102,7,0,0
BRDA:102,7,1,0
BRDA:114,8,0,0
BRDA:114,8,1,0
BRDA:143,9,0,0
BRDA:143,9,1,0
BRDA:144,10,0,0
BRDA:144,10,1,0
BRDA:151,11,0,0
BRDA:151,11,1,0
BRDA:151,12,0,0
BRDA:151,12,1,0
BRDA:158,13,0,0
BRDA:158,13,1,0
BRDA:158,14,0,0
BRDA:158,14,1,0
BRDA:163,15,0,0
BRDA:163,15,1,0
BRDA:165,16,0,0
BRDA:165,16,1,0
BRDA:192,17,0,0
BRDA:192,17,1,0
BRDA:199,18,0,0
BRDA:199,18,1,0
BRDA:204,19,0,0
BRDA:204,19,1,0
BRF:40
BRH:0
end_of_record
TN:
SF:src/components/CreateEvent/BorrowFacilityDialog/styles.js
FN:3,(anonymous_0)
FNF:1
FNH:0
FNDA:0,(anonymous_0)
DA:3,0
LF:1
LH:0
BRF:0
BRH:0
end_of_record
TN:
SF:src/components/CreateEvent/CreateEventInputGroup/CreateEventInputGroup.js
FN:25,(anonymous_0)
FN:65,(anonymous_1)
FN:68,(anonymous_2)
FN:69,(anonymous_3)
FN:76,(anonymous_4)
FN:82,(anonymous_5)
FN:90,(anonymous_6)
FN:103,(anonymous_7)
FN:116,(anonymous_8)
FN:119,(anonymous_9)
FN:144,(anonymous_10)
FN:146,(anonymous_11)
FN:155,(anonymous_12)
FN:247,(anonymous_13)
FN:248,(anonymous_14)
FN:278,(anonymous_15)
FN:279,(anonymous_16)
FN:327,(anonymous_17)
FN:328,(anonymous_18)
FN:367,(anonymous_19)
FN:368,(anonymous_20)
FN:416,(anonymous_21)
FN:417,(anonymous_22)
FNF:23
FNH:0
FNDA:0,(anonymous_0)
FNDA:0,(anonymous_1)
FNDA:0,(anonymous_2)
FNDA:0,(anonymous_3)
FNDA:0,(anonymous_4)
FNDA:0,(anonymous_5)
FNDA:0,(anonymous_6)
FNDA:0,(anonymous_7)
FNDA:0,(anonymous_8)
FNDA:0,(anonymous_9)
FNDA:0,(anonymous_10)
FNDA:0,(anonymous_11)
FNDA:0,(anonymous_12)
FNDA:0,(anonymous_13)
FNDA:0,(anonymous_14)
FNDA:0,(anonymous_15)
FNDA:0,(anonymous_16)
FNDA:0,(anonymous_17)
FNDA:0,(anonymous_18)
FNDA:0,(anonymous_19)
FNDA:0,(anonymous_20)
FNDA:0,(anonymous_21)
FNDA:0,(anonymous_22)
DA:24,2
DA:25,2
DA:35,0
DA:36,0
DA:66,0
DA:68,0
DA:69,0
DA:75,0
DA:76,0
DA:82,0
DA:91,0
DA:92,0
DA:93,0
DA:99,0
DA:105,0
DA:106,0
DA:108,0
DA:109,0
DA:111,0
DA:116,0
DA:120,0
DA:145,0
DA:146,0
DA:147,0
DA:156,0
DA:248,0
DA:279,0
DA:328,0
DA:368,0
DA:417,0
LF:30
LH:2
BRDA:47,0,0,0
BRDA:47,0,1,0
BRDA:48,1,0,0
BRDA:48,1,1,0
BRDA:66,2,0,0
BRDA:66,2,1,0
BRDA:75,3,0,0
BRDA:75,3,1,0
BRDA:75,4,0,0
BRDA:75,4,1,0
BRDA:84,5,0,0
BRDA:84,5,1,0
BRDA:92,6,0,0
BRDA:92,6,1,0
BRDA:105,7,0,0
BRDA:105,7,1,0
BRDA:108,8,0,0
BRDA:108,8,1,0
BRDA:121,9,0,0
BRDA:121,9,1,0
BRDA:123,10,0,0
BRDA:123,10,1,0
BRDA:157,11,0,0
BRDA:157,11,1,0
BRDA:158,12,0,0
BRDA:158,12,1,0
BRDA:176,13,0,0
BRDA:176,13,1,0
BRDA:194,14,0,0
BRDA:194,14,1,0
BRDA:203,15,0,0
BRDA:203,15,1,0
BRDA:204,16,0,0
BRDA:204,16,1,0
BRDA:219,17,0,0
BRDA:219,17,1,0
BRDA:221,18,0,0
BRDA:221,18,1,0
BRDA:237,19,0,0
BRDA:237,19,1,0
BRDA:239,20,0,0
BRDA:239,20,1,0
BRDA:250,21,0,0
BRDA:250,21,1,0
BRDA:252,22,0,0
BRDA:252,22,1,0
BRDA:270,23,0,0
BRDA:270,23,1,0
BRDA:271,24,0,0
BRDA:271,24,1,0
BRDA:281,25,0,0
BRDA:281,25,1,0
BRDA:283,26,0,0
BRDA:283,26,1,0
BRDA:318,27,0,0
BRDA:318,27,1,0
BRDA:319,28,0,0
BRDA:319,28,1,0
BRDA:330,29,0,0
BRDA:330,29,1,0
BRDA:346,30,0,0
BRDA:346,30,1,0
BRDA:347,31,0,0
BRDA:347,31,1,0
BRDA:349,32,0,0
BRDA:349,32,1,0
BRDA:351,33,0,0
BRDA:351,33,1,0
BRDA:356,34,0,0
BRDA:356,34,1,0
BRDA:370,35,0,0
BRDA:370,35,1,0
BRDA:385,36,0,0
BRDA:385,36,1,0
BRDA:387,37,0,0
BRDA:387,37,1,0
BRDA:389,38,0,0
BRDA:389,38,1,0
BRDA:394,39,0,0
BRDA:394,39,1,0
BRDA:399,40,0,0
BRDA:399,40,1,0
BRDA:403,41,0,0
BRDA:403,41,1,0
BRDA:405,42,0,0
BRDA:405,42,1,0
BRDA:419,43,0,0
BRDA:419,43,1,0
BRDA:434,44,0,0
BRDA:434,44,1,0
BRDA:435,45,0,0
BRDA:435,45,1,0
BRF:92
BRH:0
end_of_record
TN:
SF:src/components/CreateEvent/CreateEventInputGroup/styles.js
FN:3,(anonymous_0)
FNF:1
FNH:0
FNDA:0,(anonymous_0)
DA:3,0
LF:1
LH:0
BRF:0
BRH:0
end_of_record
TN:
SF:src/components/CreateEvent/CreateEventTypeDialog/CreateEventTypeDialog.js
FN:14,Transition
FN:17,(anonymous_1)
FN:32,(anonymous_2)
FNF:3
FNH:0
FNDA:0,Transition
FNDA:0,(anonymous_1)
FNDA:0,(anonymous_2)
DA:14,2
DA:15,0
DA:17,2
DA:26,0
DA:27,0
DA:32,0
LF:6
LH:2
BRDA:41,0,0,0
BRDA:41,0,1,0
BRDA:42,1,0,0
BRDA:42,1,1,0
BRDA:55,2,0,0
BRDA:55,2,1,0
BRDA:66,3,0,0
BRDA:66,3,1,0
BRF:8
BRH:0
end_of_record
TN:
SF:src/components/CreateEvent/CreateEventTypeDialog/styles.js
FN:3,(anonymous_0)
FNF:1
FNH:0
FNDA:0,(anonymous_0)
DA:3,0
LF:1
LH:0
BRF:0
BRH:0
end_of_record
TN:
SF:src/components/CreateEvent/RichTextEditor/RichTextEditor.js
FN:30,(anonymous_0)
FN:39,(anonymous_1)
FN:40,(anonymous_2)
FN:45,(anonymous_3)
FNF:4
FNH:0
FNDA:0,(anonymous_0)
FNDA:0,(anonymous_1)
FNDA:0,(anonymous_2)
FNDA:0,(anonymous_3)
DA:8,2
DA:10,2
DA:30,2
DA:31,0
DA:32,0
DA:33,0
DA:40,0
DA:45,0
LF:8
LH:3
BRF:0
BRH:0
end_of_record
TN:
SF:src/components/CreateEvent/RichTextEditor/styles.js
FN:3,(anonymous_0)
FNF:1
FNH:0
FNDA:0,(anonymous_0)
DA:3,0
LF:1
LH:0
BRF:0
BRH:0
end_of_record
TN:
SF:src/components/CreateEvent/TaskDialog/TaskDialog.js
FN:26,Transition
FN:29,(anonymous_1)
FN:59,(anonymous_2)
FN:80,(anonymous_3)
FN:81,(anonymous_4)
FN:82,(anonymous_5)
FN:90,(anonymous_6)
FN:143,(anonymous_7)
FN:144,(anonymous_8)
FN:171,(anonymous_9)
FN:172,(anonymous_10)
FNF:11
FNH:0
FNDA:0,Transition
FNDA:0,(anonymous_1)
FNDA:0,(anonymous_2)
FNDA:0,(anonymous_3)
FNDA:0,(anonymous_4)
FNDA:0,(anonymous_5)
FNDA:0,(anonymous_6)
FNDA:0,(anonymous_7)
FNDA:0,(anonymous_8)
FNDA:0,(anonymous_9)
FNDA:0,(anonymous_10)
DA:26,2
DA:27,0
DA:29,2
DA:51,0
DA:52,0
DA:59,0
DA:80,0
DA:82,0
DA:91,0
DA:144,0
DA:172,0
LF:11
LH:2
BRDA:63,0,0,0
BRDA:63,0,1,0
BRDA:75,1,0,0
BRDA:75,1,1,0
BRDA:76,2,0,0
BRDA:76,2,1,0
BRDA:96,3,0,0
BRDA:96,3,1,0
BRDA:97,4,0,0
BRDA:97,4,1,0
BRDA:105,5,0,0
BRDA:105,5,1,0
BRDA:124,6,0,0
BRDA:124,6,1,0
BRDA:130,7,0,0
BRDA:130,7,1,0
BRDA:132,8,0,0
BRDA:132,8,1,0
BRDA:134,9,0,0
BRDA:134,9,1,0
BRDA:135,10,0,0
BRDA:135,10,1,0
BRDA:146,11,0,0
BRDA:146,11,1,0
BRDA:158,12,0,0
BRDA:158,12,1,0
BRDA:159,13,0,0
BRDA:159,13,1,0
BRDA:165,14,0,0
BRDA:165,14,1,0
BRDA:167,15,0,0
BRDA:167,15,1,0
BRDA:174,16,0,0
BRDA:174,16,1,0
BRDA:187,17,0,0
BRDA:187,17,1,0
BRDA:187,18,0,0
BRDA:187,18,1,0
BRDA:194,19,0,0
BRDA:194,19,1,0
BRDA:194,20,0,0
BRDA:194,20,1,0
BRDA:199,21,0,0
BRDA:199,21,1,0
BRDA:201,22,0,0
BRDA:201,22,1,0
BRDA:228,23,0,0
BRDA:228,23,1,0
BRDA:235,24,0,0
BRDA:235,24,1,0
BRDA:240,25,0,0
BRDA:240,25,1,0
BRF:52
BRH:0
end_of_record
TN:
SF:src/components/CreateEvent/TaskDialog/styles.js
FN:3,(anonymous_0)
FNF:1
FNH:0
FNDA:0,(anonymous_0)
DA:3,0
LF:1
LH:0
BRF:0
BRH:0
end_of_record
TN:
SF:src/components/Error/Error.js
FN:5,(anonymous_0)
FNF:1
FNH:1
FNDA:1,(anonymous_0)
DA:5,1
DA:6,1
DA:7,1
LF:3
LH:3
BRF:0
BRH:0
end_of_record
TN:
SF:src/components/Error/styles.js
FN:3,(anonymous_0)
FNF:1
FNH:1
FNDA:1,(anonymous_0)
DA:3,1
LF:1
LH:1
BRF:0
BRH:0
end_of_record
TN:
SF:src/components/EventType/EventType.js
FN:57,(anonymous_0)
FN:68,(anonymous_1)
FN:84,(anonymous_2)
FN:100,(anonymous_3)
FN:105,(anonymous_4)
FN:108,(anonymous_5)
FN:124,(anonymous_6)
FN:129,(anonymous_7)
FN:132,(anonymous_8)
FN:145,(anonymous_9)
FN:150,(anonymous_10)
FN:154,(anonymous_11)
FN:170,(anonymous_12)
FN:183,(anonymous_13)
FN:201,(anonymous_14)
FN:204,(anonymous_15)
FN:210,(anonymous_16)
FN:215,(anonymous_17)
FN:217,(anonymous_18)
FN:223,(anonymous_19)
FN:224,(anonymous_20)
FN:227,(anonymous_21)
FN:228,(anonymous_22)
FN:235,(anonymous_23)
FN:254,(anonymous_24)
FN:262,(anonymous_25)
FN:266,(anonymous_26)
FN:269,(anonymous_27)
FN:281,(anonymous_28)
FN:282,(anonymous_29)
FN:289,(anonymous_30)
FN:290,(anonymous_31)
FN:297,(anonymous_32)
FN:298,(anonymous_33)
FN:306,(anonymous_34)
FN:307,(anonymous_35)
FN:311,(anonymous_36)
FNF:37
FNH:0
FNDA:0,(anonymous_0)
FNDA:0,(anonymous_1)
FNDA:0,(anonymous_2)
FNDA:0,(anonymous_3)
FNDA:0,(anonymous_4)
FNDA:0,(anonymous_5)
FNDA:0,(anonymous_6)
FNDA:0,(anonymous_7)
FNDA:0,(anonymous_8)
FNDA:0,(anonymous_9)
FNDA:0,(anonymous_10)
FNDA:0,(anonymous_11)
FNDA:0,(anonymous_12)
FNDA:0,(anonymous_13)
FNDA:0,(anonymous_14)
FNDA:0,(anonymous_15)
FNDA:0,(anonymous_16)
FNDA:0,(anonymous_17)
FNDA:0,(anonymous_18)
FNDA:0,(anonymous_19)
FNDA:0,(anonymous_20)
FNDA:0,(anonymous_21)
FNDA:0,(anonymous_22)
FNDA:0,(anonymous_23)
FNDA:0,(anonymous_24)
FNDA:0,(anonymous_25)
FNDA:0,(anonymous_26)
FNDA:0,(anonymous_27)
FNDA:0,(anonymous_28)
FNDA:0,(anonymous_29)
FNDA:0,(anonymous_30)
FNDA:0,(anonymous_31)
FNDA:0,(anonymous_32)
FNDA:0,(anonymous_33)
FNDA:0,(anonymous_34)
FNDA:0,(anonymous_35)
FNDA:0,(anonymous_36)
DA:31,1
DA:50,1
DA:57,1
DA:58,0
DA:59,0
DA:68,0
DA:78,0
DA:79,0
DA:81,0
DA:84,0
DA:85,0
DA:93,0
DA:94,0
DA:95,0
DA:100,0
DA:105,0
DA:108,0
DA:109,0
DA:117,0
DA:118,0
DA:119,0
DA:124,0
DA:129,0
DA:132,0
DA:133,0
DA:141,0
DA:142,0
DA:143,0
DA:145,0
DA:150,0
DA:154,0
DA:155,0
DA:170,0
DA:172,0
DA:183,0
DA:184,0
DA:201,0
DA:202,0
DA:203,0
DA:204,0
DA:210,0
DA:215,0
DA:216,0
DA:217,0
DA:223,0
DA:224,0
DA:227,0
DA:228,0
DA:235,0
DA:236,0
DA:238,0
DA:239,0
DA:242,0
DA:243,0
DA:246,0
DA:254,0
DA:255,0
DA:262,0
DA:264,0
DA:265,0
DA:266,0
DA:269,0
DA:275,0
DA:281,0
DA:282,0
DA:289,0
DA:290,0
DA:297,0
DA:298,0
DA:306,0
DA:307,0
DA:311,0
DA:318,0
LF:73
LH:3
BRDA:93,0,0,0
BRDA:93,0,1,0
BRDA:117,1,0,0
BRDA:117,1,1,0
BRDA:141,2,0,0
BRDA:141,2,1,0
BRDA:156,3,0,0
BRDA:156,3,1,0
BRDA:159,4,0,0
BRDA:159,4,1,0
BRDA:162,5,0,0
BRDA:162,5,1,0
BRDA:165,6,0,0
BRDA:165,6,1,0
BRDA:203,7,0,0
BRDA:203,7,1,0
BRDA:203,8,0,0
BRDA:203,8,1,0
BRDA:238,9,0,0
BRDA:238,9,1,0
BRDA:264,10,0,0
BRDA:264,10,1,0
BRDA:271,11,0,0
BRDA:271,11,1,0
BRDA:273,12,0,0
BRDA:273,12,1,0
BRF:26
BRH:0
end_of_record
TN:
SF:src/components/EventType/styles.js
FN:2,(anonymous_0)
FNF:1
FNH:0
FNDA:0,(anonymous_0)
DA:2,0
LF:1
LH:0
BRF:0
BRH:0
end_of_record
TN:
SF:src/components/EventType/EventDialog/EventDialog.js
FN:15,Transition
FN:18,(anonymous_1)
FN:40,(anonymous_2)
FNF:3
FNH:1
FNDA:0,Transition
FNDA:1,(anonymous_1)
FNDA:0,(anonymous_2)
DA:15,2
DA:16,0
DA:18,2
DA:32,1
DA:33,1
DA:40,0
LF:6
LH:4
BRDA:44,0,0,0
BRDA:44,0,1,1
BRDA:50,1,0,0
BRDA:50,1,1,1
BRDA:50,2,0,1
BRDA:50,2,1,1
BRDA:52,3,0,0
BRDA:52,3,1,1
BRDA:53,4,0,0
BRDA:53,4,1,1
BRDA:66,5,0,0
BRDA:66,5,1,1
BRDA:66,6,0,1
BRDA:66,6,1,1
BRDA:74,7,0,0
BRDA:74,7,1,1
BRDA:74,8,0,1
BRDA:74,8,1,1
BRDA:79,9,0,0
BRDA:79,9,1,1
BRDA:81,10,0,0
BRDA:81,10,1,1
BRDA:106,11,0,0
BRDA:106,11,1,1
BRDA:111,12,0,0
BRDA:111,12,1,1
BRDA:118,13,0,0
BRDA:118,13,1,1
BRF:28
BRH:17
end_of_record
TN:
SF:src/components/EventType/EventDialog/styles.js
FN:3,(anonymous_0)
FNF:1
FNH:1
FNDA:1,(anonymous_0)
DA:3,1
LF:1
LH:1
BRF:0
BRH:0
end_of_record
TN:
SF:src/components/EventType/EventFilter/EventFilter.js
FN:11,(anonymous_0)
FN:41,(anonymous_1)
FN:42,(anonymous_2)
FN:60,(anonymous_3)
FN:61,(anonymous_4)
FN:79,(anonymous_5)
FN:80,(anonymous_6)
FN:98,(anonymous_7)
FN:99,(anonymous_8)
FNF:9
FNH:1
FNDA:1,(anonymous_0)
FNDA:0,(anonymous_1)
FNDA:0,(anonymous_2)
FNDA:0,(anonymous_3)
FNDA:0,(anonymous_4)
FNDA:0,(anonymous_5)
FNDA:0,(anonymous_6)
FNDA:0,(anonymous_7)
FNDA:0,(anonymous_8)
DA:11,2
DA:22,1
DA:23,1
DA:42,0
DA:61,0
DA:80,0
DA:99,0
LF:7
LH:3
BRF:0
BRH:0
end_of_record
TN:
SF:src/components/EventType/EventFilter/styles.js
FN:3,(anonymous_0)
FNF:1
FNH:1
FNDA:1,(anonymous_0)
DA:3,1
LF:1
LH:1
BRF:0
BRH:0
end_of_record
TN:
SF:src/components/Facility/Facility.js
FN:62,(anonymous_0)
FN:70,(anonymous_1)
FN:86,(anonymous_2)
FN:102,(anonymous_3)
FN:107,(anonymous_4)
FN:110,(anonymous_5)
FN:126,(anonymous_6)
FN:131,(anonymous_7)
FN:134,(anonymous_8)
FN:150,(anonymous_9)
FN:155,(anonymous_10)
FN:159,(anonymous_11)
FN:188,(anonymous_12)
FN:189,(anonymous_13)
FN:207,(anonymous_14)
FN:210,(anonymous_15)
FN:216,(anonymous_16)
FN:221,(anonymous_17)
FN:223,(anonymous_18)
FN:229,(anonymous_19)
FN:230,(anonymous_20)
FN:233,(anonymous_21)
FN:234,(anonymous_22)
FN:241,(anonymous_23)
FN:262,(anonymous_24)
FN:270,(anonymous_25)
FN:274,(anonymous_26)
FN:277,(anonymous_27)
FN:288,(anonymous_28)
FN:289,(anonymous_29)
FN:296,(anonymous_30)
FN:297,(anonymous_31)
FN:304,(anonymous_32)
FN:305,(anonymous_33)
FN:313,(anonymous_34)
FN:314,(anonymous_35)
FN:318,(anonymous_36)
FNF:37
FNH:0
FNDA:0,(anonymous_0)
FNDA:0,(anonymous_1)
FNDA:0,(anonymous_2)
FNDA:0,(anonymous_3)
FNDA:0,(anonymous_4)
FNDA:0,(anonymous_5)
FNDA:0,(anonymous_6)
FNDA:0,(anonymous_7)
FNDA:0,(anonymous_8)
FNDA:0,(anonymous_9)
FNDA:0,(anonymous_10)
FNDA:0,(anonymous_11)
FNDA:0,(anonymous_12)
FNDA:0,(anonymous_13)
FNDA:0,(anonymous_14)
FNDA:0,(anonymous_15)
FNDA:0,(anonymous_16)
FNDA:0,(anonymous_17)
FNDA:0,(anonymous_18)
FNDA:0,(anonymous_19)
FNDA:0,(anonymous_20)
FNDA:0,(anonymous_21)
FNDA:0,(anonymous_22)
FNDA:0,(anonymous_23)
FNDA:0,(anonymous_24)
FNDA:0,(anonymous_25)
FNDA:0,(anonymous_26)
FNDA:0,(anonymous_27)
FNDA:0,(anonymous_28)
FNDA:0,(anonymous_29)
FNDA:0,(anonymous_30)
FNDA:0,(anonymous_31)
FNDA:0,(anonymous_32)
FNDA:0,(anonymous_33)
FNDA:0,(anonymous_34)
FNDA:0,(anonymous_35)
FNDA:0,(anonymous_36)
DA:31,1
DA:54,1
DA:62,1
DA:63,0
DA:64,0
DA:70,0
DA:80,0
DA:81,0
DA:83,0
DA:86,0
DA:87,0
DA:95,0
DA:96,0
DA:97,0
DA:102,0
DA:107,0
DA:110,0
DA:111,0
DA:119,0
DA:120,0
DA:121,0
DA:126,0
DA:131,0
DA:134,0
DA:135,0
DA:143,0
DA:144,0
DA:145,0
DA:150,0
DA:155,0
DA:159,0
DA:160,0
DA:175,0
DA:188,0
DA:189,0
DA:190,0
DA:207,0
DA:208,0
DA:209,0
DA:210,0
DA:216,0
DA:221,0
DA:222,0
DA:223,0
DA:229,0
DA:230,0
DA:233,0
DA:234,0
DA:241,0
DA:242,0
DA:244,0
DA:245,0
DA:250,0
DA:251,0
DA:254,0
DA:262,0
DA:263,0
DA:270,0
DA:272,0
DA:273,0
DA:274,0
DA:277,0
DA:288,0
DA:289,0
DA:296,0
DA:297,0
DA:304,0
DA:305,0
DA:313,0
DA:314,0
DA:318,0
DA:325,0
LF:72
LH:3
BRDA:95,0,0,0
BRDA:95,0,1,0
BRDA:119,1,0,0
BRDA:119,1,1,0
BRDA:143,2,0,0
BRDA:143,2,1,0
BRDA:161,3,0,0
BRDA:161,3,1,0
BRDA:164,4,0,0
BRDA:164,4,1,0
BRDA:167,5,0,0
BRDA:167,5,1,0
BRDA:170,6,0,0
BRDA:170,6,1,0
BRDA:209,7,0,0
BRDA:209,7,1,0
BRDA:209,8,0,0
BRDA:209,8,1,0
BRDA:244,9,0,0
BRDA:244,9,1,0
BRDA:272,10,0,0
BRDA:272,10,1,0
BRDA:279,11,0,0
BRDA:279,11,1,0
BRDA:280,12,0,0
BRDA:280,12,1,0
BRDA:281,13,0,0
BRDA:281,13,1,0
BRDA:282,14,0,0
BRDA:282,14,1,0
BRDA:284,15,0,0
BRDA:284,15,1,0
BRF:32
BRH:0
end_of_record
TN:
SF:src/components/Facility/styles.js
FN:2,(anonymous_0)
FNF:1
FNH:0
FNDA:0,(anonymous_0)
DA:2,0
LF:1
LH:0
BRF:0
BRH:0
end_of_record
TN:
SF:src/components/Facility/FacilityDialog/FacilityDialog.js
FN:22,Transition
FN:25,(anonymous_1)
FN:41,(anonymous_2)
FN:55,(anonymous_3)
FNF:4
FNH:0
FNDA:0,Transition
FNDA:0,(anonymous_1)
FNDA:0,(anonymous_2)
FNDA:0,(anonymous_3)
DA:22,2
DA:23,0
DA:25,2
DA:40,0
DA:41,0
DA:46,0
DA:55,0
LF:7
LH:2
BRDA:59,0,0,0
BRDA:59,0,1,0
BRDA:68,1,0,0
BRDA:68,1,1,0
BRDA:68,2,0,0
BRDA:68,2,1,0
BRDA:70,3,0,0
BRDA:70,3,1,0
BRDA:71,4,0,0
BRDA:71,4,1,0
BRDA:82,5,0,0
BRDA:82,5,1,0
BRDA:82,6,0,0
BRDA:82,6,1,0
BRDA:84,7,0,0
BRDA:84,7,1,0
BRDA:85,8,0,0
BRDA:85,8,1,0
BRDA:96,9,0,0
BRDA:96,9,1,0
BRDA:96,10,0,0
BRDA:96,10,1,0
BRDA:98,11,0,0
BRDA:98,11,1,0
BRDA:99,12,0,0
BRDA:99,12,1,0
BRDA:109,13,0,0
BRDA:109,13,1,0
BRDA:113,14,0,0
BRDA:113,14,1,0
BRDA:133,15,0,0
BRDA:133,15,1,0
BRDA:133,16,0,0
BRDA:133,16,1,0
BRDA:140,17,0,0
BRDA:140,17,1,0
BRDA:140,18,0,0
BRDA:140,18,1,0
BRDA:145,19,0,0
BRDA:145,19,1,0
BRDA:147,20,0,0
BRDA:147,20,1,0
BRDA:174,21,0,0
BRDA:174,21,1,0
BRDA:181,22,0,0
BRDA:181,22,1,0
BRDA:186,23,0,0
BRDA:186,23,1,0
BRF:48
BRH:0
end_of_record
TN:
SF:src/components/Facility/FacilityDialog/styles.js
FN:3,(anonymous_0)
FNF:1
FNH:0
FNDA:0,(anonymous_0)
DA:3,0
LF:1
LH:0
BRF:0
BRH:0
end_of_record
TN:
SF:src/components/Facility/FacilityFilter/FacilityFilter.js
FN:20,(anonymous_0)
FN:71,(anonymous_1)
FN:72,(anonymous_2)
FN:90,(anonymous_3)
FN:91,(anonymous_4)
FN:109,(anonymous_5)
FN:110,(anonymous_6)
FN:128,(anonymous_7)
FN:129,(anonymous_8)
FNF:9
FNH:1
FNDA:1,(anonymous_0)
FNDA:0,(anonymous_1)
FNDA:0,(anonymous_2)
FNDA:0,(anonymous_3)
FNDA:0,(anonymous_4)
FNDA:0,(anonymous_5)
FNDA:0,(anonymous_6)
FNDA:0,(anonymous_7)
FNDA:0,(anonymous_8)
DA:20,2
DA:33,1
DA:34,1
DA:72,0
DA:91,0
DA:110,0
DA:129,0
LF:7
LH:3
BRF:0
BRH:0
end_of_record
TN:
SF:src/components/Facility/FacilityFilter/styles.js
FN:3,(anonymous_0)
FNF:1
FNH:1
FNDA:1,(anonymous_0)
DA:3,1
LF:1
LH:1
BRF:0
BRH:0
end_of_record
TN:
SF:src/components/Facility/FacilityNotification/FacilityNotification.js
FN:7,(anonymous_0)
FNF:1
FNH:1
FNDA:1,(anonymous_0)
DA:7,2
DA:12,1
DA:13,1
LF:3
LH:3
BRF:0
BRH:0
end_of_record
TN:
SF:src/components/Facility/FacilityNotification/styles.js
FN:3,(anonymous_0)
FNF:1
FNH:1
FNDA:1,(anonymous_0)
DA:3,1
LF:1
LH:1
BRF:0
BRH:0
end_of_record
TN:
SF:src/components/Facility/FacilityPagination/FacilityPagination.js
FN:8,(anonymous_0)
FN:15,(anonymous_1)
FNF:2
FNH:0
FNDA:0,(anonymous_0)
FNDA:0,(anonymous_1)
DA:8,2
DA:14,0
DA:15,0
DA:18,0
LF:4
LH:1
BRF:0
BRH:0
end_of_record
TN:
SF:src/components/Facility/FacilityPagination/styles.js
FN:3,(anonymous_0)
FNF:1
FNH:0
FNDA:0,(anonymous_0)
DA:3,0
LF:1
LH:0
BRF:0
BRH:0
end_of_record
TN:
SF:src/components/Facility/FacilityTable/FacilityTable.js
FN:30,descendingComparator
FN:40,getComparator
FN:42,(anonymous_2)
FN:43,(anonymous_3)
FN:46,stableSort
FN:47,(anonymous_5)
FN:48,(anonymous_6)
FN:53,(anonymous_7)
FN:89,EnhancedTableHead
FN:99,(anonymous_9)
FN:99,(anonymous_10)
FN:116,(anonymous_11)
FN:155,(anonymous_12)
FN:176,(anonymous_13)
FN:232,(anonymous_14)
FN:261,(anonymous_15)
FN:275,(anonymous_16)
FN:286,(anonymous_17)
FN:292,(anonymous_18)
FN:294,(anonymous_19)
FN:301,(anonymous_20)
FN:321,(anonymous_21)
FN:356,(anonymous_22)
FN:363,(anonymous_23)
FN:393,(anonymous_24)
FN:400,(anonymous_25)
FNF:26
FNH:0
FNDA:0,descendingComparator
FNDA:0,getComparator
FNDA:0,(anonymous_2)
FNDA:0,(anonymous_3)
FNDA:0,stableSort
FNDA:0,(anonymous_5)
FNDA:0,(anonymous_6)
FNDA:0,(anonymous_7)
FNDA:0,EnhancedTableHead
FNDA:0,(anonymous_9)
FNDA:0,(anonymous_10)
FNDA:0,(anonymous_11)
FNDA:0,(anonymous_12)
FNDA:0,(anonymous_13)
FNDA:0,(anonymous_14)
FNDA:0,(anonymous_15)
FNDA:0,(anonymous_16)
FNDA:0,(anonymous_17)
FNDA:0,(anonymous_18)
FNDA:0,(anonymous_19)
FNDA:0,(anonymous_20)
FNDA:0,(anonymous_21)
FNDA:0,(anonymous_22)
FNDA:0,(anonymous_23)
FNDA:0,(anonymous_24)
FNDA:0,(anonymous_25)
DA:31,0
DA:32,0
DA:34,0
DA:35,0
DA:37,0
DA:41,0
DA:42,0
DA:43,0
DA:47,0
DA:48,0
DA:49,0
DA:50,0
DA:51,0
DA:53,0
DA:56,2
DA:98,0
DA:99,0
DA:100,0
DA:103,0
DA:117,0
DA:145,2
DA:155,2
DA:176,2
DA:177,0
DA:182,0
DA:184,0
DA:233,0
DA:257,2
DA:261,2
DA:268,0
DA:275,0
DA:283,0
DA:284,0
DA:286,0
DA:287,0
DA:288,0
DA:289,0
DA:292,0
DA:293,0
DA:294,0
DA:295,0
DA:296,0
DA:298,0
DA:301,0
DA:302,0
DA:303,0
DA:305,0
DA:306,0
DA:307,0
DA:308,0
DA:309,0
DA:310,0
DA:311,0
DA:312,0
DA:318,0
DA:321,0
DA:323,0
DA:324,0
DA:357,0
DA:364,0
DA:394,0
DA:395,0
DA:397,0
DA:401,0
LF:64
LH:6
BRDA:31,0,0,0
BRDA:31,0,1,0
BRDA:34,1,0,0
BRDA:34,1,1,0
BRDA:41,2,0,0
BRDA:41,2,1,0
BRDA:50,3,0,0
BRDA:50,3,1,0
BRDA:109,4,0,0
BRDA:109,4,1,0
BRDA:111,5,0,0
BRDA:111,5,1,0
BRDA:119,6,0,0
BRDA:119,6,1,0
BRDA:120,7,0,0
BRDA:120,7,1,0
BRDA:121,8,0,0
BRDA:121,8,1,0
BRDA:126,9,0,0
BRDA:126,9,1,0
BRDA:130,10,0,0
BRDA:130,10,1,0
BRDA:132,11,0,0
BRDA:132,11,1,0
BRDA:161,12,0,0
BRDA:161,12,1,0
BRDA:190,13,0,0
BRDA:190,13,1,0
BRDA:210,14,0,0
BRDA:210,14,1,0
BRDA:221,15,0,0
BRDA:221,15,1,0
BRDA:287,16,0,0
BRDA:287,16,1,0
BRDA:288,17,0,0
BRDA:288,17,1,0
BRDA:293,18,0,0
BRDA:293,18,1,0
BRDA:305,19,0,0
BRDA:305,19,1,0
BRDA:307,20,0,0
BRDA:307,20,1,0
BRDA:309,21,0,0
BRDA:309,21,1,0
BRDA:311,22,0,0
BRDA:311,22,1,0
BRDA:350,23,0,0
BRDA:350,23,1,0
BRDA:350,24,0,0
BRDA:350,24,1,0
BRDA:350,24,2,0
BRDA:350,24,3,0
BRDA:376,25,0,0
BRDA:376,25,1,0
BRDA:438,26,0,0
BRDA:438,26,1,0
BRF:56
BRH:0
end_of_record
TN:
SF:src/components/Facility/FacilityTable/styles.js
FN:3,(anonymous_0)
FNF:1
FNH:0
FNDA:0,(anonymous_0)
DA:3,0
LF:1
LH:0
BRF:0
BRH:0
end_of_record
TN:
SF:src/components/Login/Login.js
FN:22,(anonymous_0)
FN:26,(anonymous_1)
FN:31,(anonymous_2)
FN:35,(anonymous_3)
FN:36,(anonymous_4)
FN:41,(anonymous_5)
FN:42,(anonymous_6)
FNF:7
FNH:0
FNDA:0,(anonymous_0)
FNDA:0,(anonymous_1)
FNDA:0,(anonymous_2)
FNDA:0,(anonymous_3)
FNDA:0,(anonymous_4)
FNDA:0,(anonymous_5)
FNDA:0,(anonymous_6)
DA:18,1
DA:22,1
DA:23,0
DA:24,0
DA:25,0
DA:26,0
DA:30,0
DA:31,0
DA:32,0
DA:33,0
DA:35,0
DA:36,0
DA:41,0
DA:42,0
DA:43,0
DA:50,0
DA:51,0
DA:54,0
LF:18
LH:2
BRDA:50,0,0,0
BRDA:50,0,1,0
BRDA:71,1,0,0
BRDA:71,1,1,0
BRDA:72,2,0,0
BRDA:72,2,1,0
BRDA:85,3,0,0
BRDA:85,3,1,0
BRDA:87,4,0,0
BRDA:87,4,1,0
BRDA:107,5,0,0
BRDA:107,5,1,0
BRDA:109,6,0,0
BRDA:109,6,1,0
BRF:14
BRH:0
end_of_record
TN:
SF:src/components/Login/styles.js
FN:3,(anonymous_0)
FNF:1
FNH:0
FNDA:0,(anonymous_0)
DA:3,0
LF:1
LH:0
BRF:0
BRH:0
end_of_record
TN:
SF:src/components/MainTable/DataTable/DataTable.js
FN:26,descendingComparator
FN:36,getComparator
FN:38,(anonymous_2)
FN:39,(anonymous_3)
FN:42,stableSort
FN:43,(anonymous_5)
FN:44,(anonymous_6)
FN:49,(anonymous_7)
FN:52,EnhancedTableHead
FN:63,(anonymous_9)
FN:63,(anonymous_10)
FN:80,(anonymous_11)
FN:119,(anonymous_12)
FN:140,(anonymous_13)
FN:206,(anonymous_14)
FN:235,(anonymous_15)
FN:255,(anonymous_16)
FN:261,(anonymous_17)
FN:263,(anonymous_18)
FN:270,(anonymous_19)
FN:290,(anonymous_20)
FN:329,(anonymous_21)
FN:336,(anonymous_22)
FN:369,(anonymous_23)
FN:376,(anonymous_24)
FN:393,(anonymous_25)
FNF:26
FNH:0
FNDA:0,descendingComparator
FNDA:0,getComparator
FNDA:0,(anonymous_2)
FNDA:0,(anonymous_3)
FNDA:0,stableSort
FNDA:0,(anonymous_5)
FNDA:0,(anonymous_6)
FNDA:0,(anonymous_7)
FNDA:0,EnhancedTableHead
FNDA:0,(anonymous_9)
FNDA:0,(anonymous_10)
FNDA:0,(anonymous_11)
FNDA:0,(anonymous_12)
FNDA:0,(anonymous_13)
FNDA:0,(anonymous_14)
FNDA:0,(anonymous_15)
FNDA:0,(anonymous_16)
FNDA:0,(anonymous_17)
FNDA:0,(anonymous_18)
FNDA:0,(anonymous_19)
FNDA:0,(anonymous_20)
FNDA:0,(anonymous_21)
FNDA:0,(anonymous_22)
FNDA:0,(anonymous_23)
FNDA:0,(anonymous_24)
FNDA:0,(anonymous_25)
DA:27,0
DA:28,0
DA:30,0
DA:31,0
DA:33,0
DA:37,0
DA:38,0
DA:39,0
DA:43,0
DA:44,0
DA:45,0
DA:46,0
DA:47,0
DA:49,0
DA:62,0
DA:63,0
DA:64,0
DA:67,0
DA:81,0
DA:109,3
DA:119,3
DA:140,3
DA:141,0
DA:149,0
DA:150,0
DA:207,0
DA:231,3
DA:235,3
DA:251,0
DA:252,0
DA:253,0
DA:255,0
DA:256,0
DA:257,0
DA:258,0
DA:261,0
DA:262,0
DA:263,0
DA:264,0
DA:265,0
DA:267,0
DA:270,0
DA:271,0
DA:272,0
DA:274,0
DA:275,0
DA:276,0
DA:277,0
DA:278,0
DA:279,0
DA:280,0
DA:281,0
DA:287,0
DA:290,0
DA:292,0
DA:293,0
DA:330,0
DA:337,0
DA:370,0
DA:371,0
DA:373,0
DA:377,0
DA:394,0
DA:400,0
DA:408,0
LF:65
LH:5
BRDA:27,0,0,0
BRDA:27,0,1,0
BRDA:30,1,0,0
BRDA:30,1,1,0
BRDA:37,2,0,0
BRDA:37,2,1,0
BRDA:46,3,0,0
BRDA:46,3,1,0
BRDA:73,4,0,0
BRDA:73,4,1,0
BRDA:75,5,0,0
BRDA:75,5,1,0
BRDA:83,6,0,0
BRDA:83,6,1,0
BRDA:84,7,0,0
BRDA:84,7,1,0
BRDA:85,8,0,0
BRDA:85,8,1,0
BRDA:90,9,0,0
BRDA:90,9,1,0
BRDA:94,10,0,0
BRDA:94,10,1,0
BRDA:96,11,0,0
BRDA:96,11,1,0
BRDA:125,12,0,0
BRDA:125,12,1,0
BRDA:156,13,0,0
BRDA:156,13,1,0
BRDA:176,14,0,0
BRDA:176,14,1,0
BRDA:179,15,0,0
BRDA:179,15,1,0
BRDA:179,16,0,0
BRDA:179,16,1,0
BRDA:182,17,0,0
BRDA:182,17,1,0
BRDA:184,18,0,0
BRDA:184,18,1,0
BRDA:195,19,0,0
BRDA:195,19,1,0
BRDA:256,20,0,0
BRDA:256,20,1,0
BRDA:257,21,0,0
BRDA:257,21,1,0
BRDA:262,22,0,0
BRDA:262,22,1,0
BRDA:274,23,0,0
BRDA:274,23,1,0
BRDA:276,24,0,0
BRDA:276,24,1,0
BRDA:278,25,0,0
BRDA:278,25,1,0
BRDA:280,26,0,0
BRDA:280,26,1,0
BRDA:323,27,0,0
BRDA:323,27,1,0
BRDA:323,28,0,0
BRDA:323,28,1,0
BRDA:323,28,2,0
BRDA:323,28,3,0
BRDA:349,29,0,0
BRDA:349,29,1,0
BRDA:394,30,0,0
BRDA:394,30,1,0
BRDA:395,31,0,0
BRDA:395,31,1,0
BRDA:395,31,2,0
BRDA:395,31,3,0
BRDA:417,32,0,0
BRDA:417,32,1,0
BRF:70
BRH:0
end_of_record
TN:
SF:src/components/MainTable/DataTable/styles.js
FN:3,(anonymous_0)
FNF:1
FNH:0
FNDA:0,(anonymous_0)
DA:3,0
LF:1
LH:0
BRF:0
BRH:0
end_of_record
TN:
SF:src/components/MainTable/PaginationTable/PaginationTable.js
FN:7,(anonymous_0)
FNF:1
FNH:0
FNDA:0,(anonymous_0)
DA:7,2
DA:14,0
DA:15,0
LF:3
LH:1
BRF:0
BRH:0
end_of_record
TN:
SF:src/components/MainTable/PaginationTable/styles.js
FN:3,(anonymous_0)
FNF:1
FNH:0
FNDA:0,(anonymous_0)
DA:3,0
LF:1
LH:0
BRF:0
BRH:0
end_of_record
TN:
SF:src/components/Notification/Notification.js
FN:7,(anonymous_0)
FNF:1
FNH:1
FNDA:1,(anonymous_0)
DA:7,3
DA:12,1
DA:13,1
LF:3
LH:3
BRF:0
BRH:0
end_of_record
TN:
SF:src/components/Notification/styles.js
FN:3,(anonymous_0)
FNF:1
FNH:1
FNDA:1,(anonymous_0)
DA:3,1
LF:1
LH:1
BRF:0
BRH:0
end_of_record
TN:
SF:src/components/PickRole/PickRole.js
FN:38,(anonymous_0)
FN:40,(anonymous_1)
FN:43,(anonymous_2)
FNF:3
FNH:0
FNDA:0,(anonymous_0)
FNDA:0,(anonymous_1)
FNDA:0,(anonymous_2)
DA:15,1
DA:38,1
DA:39,0
DA:40,0
DA:43,0
DA:44,0
DA:45,0
DA:56,0
LF:8
LH:2
BRF:0
BRH:0
end_of_record
TN:
SF:src/components/PickRole/styles.js
FN:3,(anonymous_0)
FNF:1
FNH:0
FNDA:0,(anonymous_0)
DA:3,0
LF:1
LH:0
BRF:0
BRH:0
end_of_record
TN:
SF:src/components/PickRole/RoleCard/RoleCard.js
FN:16,(anonymous_0)
FN:21,(anonymous_1)
FNF:2
FNH:0
FNDA:0,(anonymous_0)
FNDA:0,(anonymous_1)
DA:16,2
DA:17,0
DA:18,0
DA:19,0
DA:21,0
DA:23,0
DA:28,0
DA:29,0
DA:31,0
LF:9
LH:1
BRF:0
BRH:0
end_of_record
TN:
SF:src/components/PickRole/RoleCard/styles.js
FN:3,(anonymous_0)
FNF:1
FNH:0
FNDA:0,(anonymous_0)
DA:3,0
LF:1
LH:0
BRF:0
BRH:0
end_of_record
TN:
SF:src/components/User/User.js
FN:61,(anonymous_0)
FN:71,(anonymous_1)
FN:88,(anonymous_2)
FN:109,(anonymous_3)
FN:122,(anonymous_4)
FN:136,(anonymous_5)
FN:157,(anonymous_6)
FN:160,(anonymous_7)
FN:166,(anonymous_8)
FN:171,(anonymous_9)
FN:173,(anonymous_10)
FN:179,(anonymous_11)
FN:180,(anonymous_12)
FN:183,(anonymous_13)
FN:184,(anonymous_14)
FN:191,(anonymous_15)
FN:194,(anonymous_16)
FN:216,(anonymous_17)
FN:225,(anonymous_18)
FN:229,(anonymous_19)
FN:232,(anonymous_20)
FN:241,(anonymous_21)
FN:242,(anonymous_22)
FN:249,(anonymous_23)
FN:250,(anonymous_24)
FN:257,(anonymous_25)
FN:258,(anonymous_26)
FN:266,(anonymous_27)
FN:267,(anonymous_28)
FN:271,(anonymous_29)
FNF:30
FNH:0
FNDA:0,(anonymous_0)
FNDA:0,(anonymous_1)
FNDA:0,(anonymous_2)
FNDA:0,(anonymous_3)
FNDA:0,(anonymous_4)
FNDA:0,(anonymous_5)
FNDA:0,(anonymous_6)
FNDA:0,(anonymous_7)
FNDA:0,(anonymous_8)
FNDA:0,(anonymous_9)
FNDA:0,(anonymous_10)
FNDA:0,(anonymous_11)
FNDA:0,(anonymous_12)
FNDA:0,(anonymous_13)
FNDA:0,(anonymous_14)
FNDA:0,(anonymous_15)
FNDA:0,(anonymous_16)
FNDA:0,(anonymous_17)
FNDA:0,(anonymous_18)
FNDA:0,(anonymous_19)
FNDA:0,(anonymous_20)
FNDA:0,(anonymous_21)
FNDA:0,(anonymous_22)
FNDA:0,(anonymous_23)
FNDA:0,(anonymous_24)
FNDA:0,(anonymous_25)
FNDA:0,(anonymous_26)
FNDA:0,(anonymous_27)
FNDA:0,(anonymous_28)
FNDA:0,(anonymous_29)
DA:32,1
DA:53,1
DA:61,1
DA:62,0
DA:63,0
DA:64,0
DA:71,0
DA:82,0
DA:83,0
DA:85,0
DA:88,0
DA:95,0
DA:109,0
DA:122,0
DA:124,0
DA:136,0
DA:137,0
DA:157,0
DA:158,0
DA:159,0
DA:160,0
DA:166,0
DA:171,0
DA:172,0
DA:173,0
DA:179,0
DA:180,0
DA:183,0
DA:184,0
DA:191,0
DA:192,0
DA:194,0
DA:195,0
DA:198,0
DA:199,0
DA:204,0
DA:205,0
DA:208,0
DA:216,0
DA:217,0
DA:225,0
DA:227,0
DA:228,0
DA:229,0
DA:232,0
DA:241,0
DA:242,0
DA:249,0
DA:250,0
DA:257,0
DA:258,0
DA:266,0
DA:267,0
DA:271,0
DA:278,0
LF:55
LH:3
BRDA:96,0,0,0
BRDA:96,0,1,0
BRDA:99,1,0,0
BRDA:99,1,1,0
BRDA:102,2,0,0
BRDA:102,2,1,0
BRDA:105,3,0,0
BRDA:105,3,1,0
BRDA:159,4,0,0
BRDA:159,4,1,0
BRDA:159,5,0,0
BRDA:159,5,1,0
BRDA:198,6,0,0
BRDA:198,6,1,0
BRDA:227,7,0,0
BRDA:227,7,1,0
BRDA:234,8,0,0
BRDA:234,8,1,0
BRDA:235,9,0,0
BRDA:235,9,1,0
BRDA:237,10,0,0
BRDA:237,10,1,0
BRF:22
BRH:0
end_of_record
TN:
SF:src/components/User/styles.js
FN:2,(anonymous_0)
FNF:1
FNH:0
FNDA:0,(anonymous_0)
DA:2,0
LF:1
LH:0
BRF:0
BRH:0
end_of_record
TN:
SF:src/components/User/UserDialog/UserDialog.js
FN:21,Transition
FN:43,(anonymous_1)
FN:57,(anonymous_2)
FN:71,(anonymous_3)
FN:110,(anonymous_4)
FN:112,(anonymous_5)
FN:119,(anonymous_6)
FNF:7
FNH:0
FNDA:0,Transition
FNDA:0,(anonymous_1)
FNDA:0,(anonymous_2)
FNDA:0,(anonymous_3)
FNDA:0,(anonymous_4)
FNDA:0,(anonymous_5)
FNDA:0,(anonymous_6)
DA:21,2
DA:22,0
DA:25,2
DA:32,2
DA:33,2
DA:34,2
DA:43,2
DA:56,0
DA:57,0
DA:63,0
DA:71,0
DA:111,0
DA:113,0
DA:120,0
LF:14
LH:6
BRDA:75,0,0,0
BRDA:75,0,1,0
BRDA:84,1,0,0
BRDA:84,1,1,0
BRDA:84,2,0,0
BRDA:84,2,1,0
BRDA:86,3,0,0
BRDA:86,3,1,0
BRDA:87,4,0,0
BRDA:87,4,1,0
BRDA:99,5,0,0
BRDA:99,5,1,0
BRDA:99,6,0,0
BRDA:99,6,1,0
BRDA:113,7,0,0
BRDA:113,7,1,0
BRDA:113,8,0,0
BRDA:113,8,1,0
BRDA:113,9,0,0
BRDA:113,9,1,0
BRDA:121,10,0,0
BRDA:121,10,1,0
BRDA:121,11,0,0
BRDA:121,11,1,0
BRDA:121,12,0,0
BRDA:121,12,1,0
BRDA:130,13,0,0
BRDA:130,13,1,0
BRDA:130,14,0,0
BRDA:130,14,1,0
BRDA:137,15,0,0
BRDA:137,15,1,0
BRDA:137,16,0,0
BRDA:137,16,1,0
BRDA:142,17,0,0
BRDA:142,17,1,0
BRDA:144,18,0,0
BRDA:144,18,1,0
BRDA:171,19,0,0
BRDA:171,19,1,0
BRDA:178,20,0,0
BRDA:178,20,1,0
BRDA:183,21,0,0
BRDA:183,21,1,0
BRF:44
BRH:0
end_of_record
TN:
SF:src/components/User/UserDialog/styles.js
FN:3,(anonymous_0)
FNF:1
FNH:0
FNDA:0,(anonymous_0)
DA:3,0
LF:1
LH:0
BRF:0
BRH:0
end_of_record
TN:
SF:src/components/User/UserFilter/UserFilter.js
FN:20,(anonymous_0)
FN:73,(anonymous_1)
FN:74,(anonymous_2)
FN:92,(anonymous_3)
FN:93,(anonymous_4)
FN:111,(anonymous_5)
FN:112,(anonymous_6)
FN:130,(anonymous_7)
FN:131,(anonymous_8)
FNF:9
FNH:1
FNDA:1,(anonymous_0)
FNDA:0,(anonymous_1)
FNDA:0,(anonymous_2)
FNDA:0,(anonymous_3)
FNDA:0,(anonymous_4)
FNDA:0,(anonymous_5)
FNDA:0,(anonymous_6)
FNDA:0,(anonymous_7)
FNDA:0,(anonymous_8)
DA:20,2
DA:33,1
DA:34,1
DA:74,0
DA:93,0
DA:112,0
DA:131,0
LF:7
LH:3
BRF:0
BRH:0
end_of_record
TN:
SF:src/components/User/UserFilter/styles.js
FN:3,(anonymous_0)
FNF:1
FNH:1
FNDA:1,(anonymous_0)
DA:3,1
LF:1
LH:1
BRF:0
BRH:0
end_of_record
TN:
SF:src/components/User/UserNotification/UserNotification.js
FN:7,(anonymous_0)
FNF:1
FNH:1
FNDA:1,(anonymous_0)
DA:7,2
DA:12,1
DA:13,1
LF:3
LH:3
BRF:0
BRH:0
end_of_record
TN:
SF:src/components/User/UserNotification/styles.js
FN:3,(anonymous_0)
FNF:1
FNH:1
FNDA:1,(anonymous_0)
DA:3,1
LF:1
LH:1
BRF:0
BRH:0
end_of_record
TN:
SF:src/components/User/UserPagination/UserPagination.js
FN:8,(anonymous_0)
FN:15,(anonymous_1)
FNF:2
FNH:0
FNDA:0,(anonymous_0)
FNDA:0,(anonymous_1)
DA:8,2
DA:14,0
DA:15,0
DA:18,0
LF:4
LH:1
BRF:0
BRH:0
end_of_record
TN:
SF:src/components/User/UserPagination/styles.js
FN:3,(anonymous_0)
FNF:1
FNH:0
FNDA:0,(anonymous_0)
DA:3,0
LF:1
LH:0
BRF:0
BRH:0
end_of_record
TN:
SF:src/components/User/UserTable/UserTable.js
FN:30,descendingComparator
FN:40,getComparator
FN:42,(anonymous_2)
FN:43,(anonymous_3)
FN:46,stableSort
FN:47,(anonymous_5)
FN:48,(anonymous_6)
FN:53,(anonymous_7)
FN:89,EnhancedTableHead
FN:99,(anonymous_9)
FN:99,(anonymous_10)
FN:116,(anonymous_11)
FN:155,(anonymous_12)
FN:176,(anonymous_13)
FN:232,(anonymous_14)
FN:261,(anonymous_15)
FN:275,(anonymous_16)
FN:286,(anonymous_17)
FN:292,(anonymous_18)
FN:294,(anonymous_19)
FN:301,(anonymous_20)
FN:321,(anonymous_21)
FN:355,(anonymous_22)
FN:362,(anonymous_23)
FN:391,(anonymous_24)
FN:398,(anonymous_25)
FN:419,(anonymous_26)
FNF:27
FNH:0
FNDA:0,descendingComparator
FNDA:0,getComparator
FNDA:0,(anonymous_2)
FNDA:0,(anonymous_3)
FNDA:0,stableSort
FNDA:0,(anonymous_5)
FNDA:0,(anonymous_6)
FNDA:0,(anonymous_7)
FNDA:0,EnhancedTableHead
FNDA:0,(anonymous_9)
FNDA:0,(anonymous_10)
FNDA:0,(anonymous_11)
FNDA:0,(anonymous_12)
FNDA:0,(anonymous_13)
FNDA:0,(anonymous_14)
FNDA:0,(anonymous_15)
FNDA:0,(anonymous_16)
FNDA:0,(anonymous_17)
FNDA:0,(anonymous_18)
FNDA:0,(anonymous_19)
FNDA:0,(anonymous_20)
FNDA:0,(anonymous_21)
FNDA:0,(anonymous_22)
FNDA:0,(anonymous_23)
FNDA:0,(anonymous_24)
FNDA:0,(anonymous_25)
FNDA:0,(anonymous_26)
DA:31,0
DA:32,0
DA:34,0
DA:35,0
DA:37,0
DA:41,0
DA:42,0
DA:43,0
DA:47,0
DA:48,0
DA:49,0
DA:50,0
DA:51,0
DA:53,0
DA:56,2
DA:98,0
DA:99,0
DA:100,0
DA:103,0
DA:117,0
DA:145,2
DA:155,2
DA:176,2
DA:177,0
DA:182,0
DA:184,0
DA:233,0
DA:257,2
DA:261,2
DA:268,0
DA:275,0
DA:283,0
DA:284,0
DA:286,0
DA:287,0
DA:288,0
DA:289,0
DA:292,0
DA:293,0
DA:294,0
DA:295,0
DA:296,0
DA:298,0
DA:301,0
DA:302,0
DA:303,0
DA:305,0
DA:306,0
DA:307,0
DA:308,0
DA:309,0
DA:310,0
DA:311,0
DA:312,0
DA:318,0
DA:321,0
DA:323,0
DA:324,0
DA:356,0
DA:363,0
DA:392,0
DA:393,0
DA:395,0
DA:399,0
DA:420,0
LF:65
LH:6
BRDA:31,0,0,0
BRDA:31,0,1,0
BRDA:34,1,0,0
BRDA:34,1,1,0
BRDA:41,2,0,0
BRDA:41,2,1,0
BRDA:50,3,0,0
BRDA:50,3,1,0
BRDA:109,4,0,0
BRDA:109,4,1,0
BRDA:111,5,0,0
BRDA:111,5,1,0
BRDA:119,6,0,0
BRDA:119,6,1,0
BRDA:120,7,0,0
BRDA:120,7,1,0
BRDA:121,8,0,0
BRDA:121,8,1,0
BRDA:126,9,0,0
BRDA:126,9,1,0
BRDA:130,10,0,0
BRDA:130,10,1,0
BRDA:132,11,0,0
BRDA:132,11,1,0
BRDA:161,12,0,0
BRDA:161,12,1,0
BRDA:190,13,0,0
BRDA:190,13,1,0
BRDA:210,14,0,0
BRDA:210,14,1,0
BRDA:221,15,0,0
BRDA:221,15,1,0
BRDA:287,16,0,0
BRDA:287,16,1,0
BRDA:288,17,0,0
BRDA:288,17,1,0
BRDA:293,18,0,0
BRDA:293,18,1,0
BRDA:305,19,0,0
BRDA:305,19,1,0
BRDA:307,20,0,0
BRDA:307,20,1,0
BRDA:309,21,0,0
BRDA:309,21,1,0
BRDA:311,22,0,0
BRDA:311,22,1,0
BRDA:350,23,0,0
BRDA:350,23,1,0
BRDA:350,24,0,0
BRDA:350,24,1,0
BRDA:350,24,2,0
BRDA:350,24,3,0
BRDA:374,25,0,0
BRDA:374,25,1,0
BRDA:420,26,0,0
BRDA:420,26,1,0
BRDA:420,27,0,0
BRDA:420,27,1,0
BRDA:420,28,0,0
BRDA:420,28,1,0
BRDA:424,29,0,0
BRDA:424,29,1,0
BRDA:449,30,0,0
BRDA:449,30,1,0
BRF:64
BRH:0
end_of_record
TN:
SF:src/components/User/UserTable/styles.js
FN:3,(anonymous_0)
FNF:1
FNH:0
FNDA:0,(anonymous_0)
DA:3,0
LF:1
LH:0
BRF:0
BRH:0
end_of_record
TN:
SF:src/pages/confirmation/Confirmation.js
FN:18,(anonymous_0)
FN:26,(anonymous_1)
FN:29,(anonymous_2)
FN:33,(anonymous_3)
FN:37,(anonymous_4)
FN:53,(anonymous_5)
FN:107,(anonymous_6)
FN:118,(anonymous_7)
FNF:8
FNH:0
FNDA:0,(anonymous_0)
FNDA:0,(anonymous_1)
FNDA:0,(anonymous_2)
FNDA:0,(anonymous_3)
FNDA:0,(anonymous_4)
FNDA:0,(anonymous_5)
FNDA:0,(anonymous_6)
FNDA:0,(anonymous_7)
DA:13,1
DA:18,1
DA:19,0
DA:20,0
DA:21,0
DA:22,0
DA:23,0
DA:24,0
DA:25,0
DA:26,0
DA:29,0
DA:33,0
DA:34,0
DA:37,0
DA:38,0
DA:39,0
DA:40,0
DA:41,0
DA:43,0
DA:44,0
DA:47,0
DA:53,0
DA:54,0
DA:55,0
DA:56,0
DA:59,0
DA:63,0
DA:107,0
DA:118,0
LF:29
LH:2
BRDA:38,0,0,0
BRDA:38,0,1,0
BRDA:39,1,0,0
BRDA:39,1,1,0
BRDA:39,2,0,0
BRDA:39,2,1,0
BRDA:43,3,0,0
BRDA:43,3,1,0
BRDA:55,4,0,0
BRDA:55,4,1,0
BRDA:55,5,0,0
BRDA:55,5,1,0
BRDA:55,5,2,0
BRDA:63,6,0,0
BRDA:63,6,1,0
BRDA:77,7,0,0
BRDA:77,7,1,0
BRDA:88,8,0,0
BRDA:88,8,1,0
BRDA:129,9,0,0
BRDA:129,9,1,0
BRF:21
BRH:0
end_of_record
TN:
SF:src/pages/confirmation/styles.js
FN:3,(anonymous_0)
FNF:1
FNH:0
FNDA:0,(anonymous_0)
DA:3,0
LF:1
LH:0
BRF:0
BRH:0
end_of_record
TN:
SF:src/reducers/errorReducers.js
FN:7,errorReducers
FNF:1
FNH:1
FNDA:3,errorReducers
DA:3,1
DA:8,3
DA:10,1
DA:12,1
DA:14,1
LF:5
LH:5
BRDA:7,0,0,1
BRDA:8,1,0,1
BRDA:8,1,1,1
BRDA:8,1,2,1
BRF:4
BRH:4
end_of_record
TN:
SF:src/reducers/eventReducers.js
FN:12,eventReducers
FNF:1
FNH:1
FNDA:3,eventReducers
DA:3,1
DA:13,3
DA:15,1
DA:17,1
DA:19,1
LF:5
LH:5
BRDA:12,0,0,1
BRDA:13,1,0,1
BRDA:13,1,1,1
BRDA:13,1,2,1
BRF:4
BRH:4
end_of_record
TN:
SF:src/reducers/eventTypeReducers.js
FN:19,eventTypeReducers
FNF:1
FNH:1
FNDA:5,eventTypeReducers
DA:10,1
DA:20,5
DA:22,0
DA:27,0
DA:33,1
DA:35,1
DA:37,1
DA:39,1
DA:41,1
LF:9
LH:7
BRDA:19,0,0,1
BRDA:20,1,0,0
BRDA:20,1,1,0
BRDA:20,1,2,1
BRDA:20,1,3,1
BRDA:20,1,4,1
BRDA:20,1,5,1
BRDA:20,1,6,1
BRF:8
BRH:6
end_of_record
TN:
SF:src/reducers/facilityHistoryReducers.js
FN:16,facilityHistoryReducers
FNF:1
FNH:1
FNDA:2,facilityHistoryReducers
DA:7,1
DA:17,2
DA:19,0
DA:24,0
DA:30,1
DA:32,1
LF:6
LH:4
BRDA:16,0,0,1
BRDA:17,1,0,0
BRDA:17,1,1,0
BRDA:17,1,2,1
BRDA:17,1,3,1
BRF:5
BRH:3
end_of_record
TN:
SF:src/reducers/facilityReducers.js
FN:19,facilityReducers
FNF:1
FNH:1
FNDA:5,facilityReducers
DA:10,1
DA:20,5
DA:22,0
DA:27,0
DA:33,1
DA:35,1
DA:37,1
DA:39,1
DA:41,1
LF:9
LH:7
BRDA:19,0,0,1
BRDA:20,1,0,0
BRDA:20,1,1,0
BRDA:20,1,2,1
BRDA:20,1,3,1
BRDA:20,1,4,1
BRDA:20,1,5,1
BRDA:20,1,6,1
BRF:8
BRH:6
end_of_record
TN:
SF:src/reducers/linkReducers.js
FN:8,linkReducers
FNF:1
FNH:1
FNDA:3,linkReducers
DA:3,1
DA:9,3
DA:11,1
DA:13,1
DA:15,1
LF:5
LH:5
BRDA:8,0,0,1
BRDA:9,1,0,1
BRDA:9,1,1,1
BRDA:9,1,2,1
BRF:4
BRH:4
end_of_record
TN:
SF:src/reducers/userReducers.js
FN:31,userReducers
FNF:1
FNH:1
FNDA:13,userReducers
DA:18,1
DA:32,13
DA:35,1
DA:37,1
DA:39,1
DA:41,1
DA:45,1
DA:47,1
DA:49,1
DA:51,1
DA:55,0
DA:61,0
DA:66,1
DA:72,1
DA:74,1
DA:76,1
DA:78,1
LF:17
LH:15
BRDA:31,0,0,1
BRDA:32,1,0,1
BRDA:32,1,1,1
BRDA:32,1,2,1
BRDA:32,1,3,1
BRDA:32,1,4,1
BRDA:32,1,5,1
BRDA:32,1,6,1
BRDA:32,1,7,1
BRDA:32,1,8,0
BRDA:32,1,9,0
BRDA:32,1,10,1
BRDA:32,1,11,1
BRDA:32,1,12,1
BRDA:32,1,13,1
BRDA:32,1,14,1
BRF:16
BRH:14
end_of_record
TN:
SF:src/utils/index.js
FN:1,(anonymous_0)
FN:2,(anonymous_1)
FN:5,(anonymous_2)
FN:9,(anonymous_3)
FNF:4
FNH:0
FNDA:0,(anonymous_0)
FNDA:0,(anonymous_1)
FNDA:0,(anonymous_2)
FNDA:0,(anonymous_3)
DA:1,1
DA:2,0
DA:3,0
DA:4,0
DA:5,0
DA:6,0
DA:9,0
DA:10,0
LF:8
LH:1
BRF:0
BRH:0
end_of_record
