TN:
SF:src/constants.js
FNF:0
FNH:0
DA:2,10
DA:3,10
DA:4,10
DA:5,10
DA:6,10
DA:7,10
DA:9,10
DA:10,10
DA:11,10
DA:13,10
DA:14,10
DA:15,10
DA:17,10
DA:18,10
DA:19,10
DA:20,10
DA:21,10
DA:22,10
DA:25,10
DA:26,10
DA:29,10
DA:30,10
DA:32,10
DA:35,10
DA:36,10
DA:39,10
DA:40,10
DA:41,10
DA:42,10
DA:43,10
DA:44,10
DA:45,10
DA:46,10
DA:47,10
DA:50,10
DA:51,10
DA:52,10
DA:53,10
DA:54,10
DA:55,10
DA:56,10
DA:57,10
DA:58,10
DA:61,10
DA:62,10
DA:63,10
DA:66,10
DA:67,10
DA:69,10
LF:49
LH:49
BRF:0
BRH:0
end_of_record
TN:
SF:src/actions/eventActions.js
FN:10,(anonymous_0)
FN:17,(anonymous_1)
FN:17,(anonymous_2)
FN:30,(anonymous_3)
FNF:4
FNH:3
FNDA:2,(anonymous_0)
FNDA:2,(anonymous_1)
FNDA:2,(anonymous_2)
FNDA:0,(anonymous_3)
DA:10,1
DA:11,2
DA:17,2
DA:18,2
DA:19,2
DA:20,2
DA:21,0
DA:25,0
DA:30,0
DA:31,0
DA:37,0
DA:38,0
DA:43,0
DA:45,0
LF:14
LH:6
BRDA:37,0,0,0
BRDA:37,0,1,0
BRF:2
BRH:0
end_of_record
TN:
SF:src/actions/eventTypeActions.js
FN:20,(anonymous_0)
FN:27,(anonymous_1)
FN:27,(anonymous_2)
FN:40,(anonymous_3)
FN:48,(anonymous_4)
FN:69,(anonymous_5)
FN:69,(anonymous_6)
FN:82,(anonymous_7)
FN:100,(anonymous_8)
FN:100,(anonymous_9)
FN:113,(anonymous_10)
FN:130,(anonymous_11)
FN:130,(anonymous_12)
FN:144,(anonymous_13)
FNF:14
FNH:3
FNDA:1,(anonymous_0)
FNDA:1,(anonymous_1)
FNDA:1,(anonymous_2)
FNDA:0,(anonymous_3)
FNDA:0,(anonymous_4)
FNDA:0,(anonymous_5)
FNDA:0,(anonymous_6)
FNDA:0,(anonymous_7)
FNDA:0,(anonymous_8)
FNDA:0,(anonymous_9)
FNDA:0,(anonymous_10)
FNDA:0,(anonymous_11)
FNDA:0,(anonymous_12)
FNDA:0,(anonymous_13)
DA:20,1
DA:21,1
DA:27,1
DA:28,1
DA:29,1
DA:30,1
DA:31,0
DA:36,0
DA:38,0
DA:40,1
DA:48,0
DA:49,0
DA:50,0
DA:51,0
DA:60,0
DA:65,0
DA:67,0
DA:69,1
DA:70,0
DA:71,0
DA:72,0
DA:73,0
DA:77,0
DA:82,0
DA:83,0
DA:89,0
DA:90,0
DA:95,0
DA:97,0
DA:100,1
DA:101,0
DA:102,0
DA:103,0
DA:104,0
DA:108,0
DA:113,0
DA:114,0
DA:120,0
DA:121,0
DA:126,0
DA:128,0
DA:130,1
DA:131,0
DA:132,0
DA:133,0
DA:135,0
DA:139,0
DA:144,0
DA:145,0
DA:151,0
DA:152,0
DA:157,0
DA:159,0
LF:53
LH:10
BRDA:89,0,0,0
BRDA:89,0,1,0
BRDA:120,1,0,0
BRDA:120,1,1,0
BRDA:151,2,0,0
BRDA:151,2,1,0
BRF:6
BRH:0
end_of_record
TN:
SF:src/actions/facilityActions.js
FN:20,(anonymous_0)
FN:27,(anonymous_1)
FN:27,(anonymous_2)
FN:40,(anonymous_3)
FN:49,(anonymous_4)
FN:71,(anonymous_5)
FN:71,(anonymous_6)
FN:84,(anonymous_7)
FN:102,(anonymous_8)
FN:102,(anonymous_9)
FN:115,(anonymous_10)
FN:132,(anonymous_11)
FN:132,(anonymous_12)
FN:146,(anonymous_13)
FNF:14
FNH:11
FNDA:8,(anonymous_0)
FNDA:1,(anonymous_1)
FNDA:1,(anonymous_2)
FNDA:1,(anonymous_3)
FNDA:1,(anonymous_4)
FNDA:2,(anonymous_5)
FNDA:2,(anonymous_6)
FNDA:0,(anonymous_7)
FNDA:2,(anonymous_8)
FNDA:2,(anonymous_9)
FNDA:0,(anonymous_10)
FNDA:2,(anonymous_11)
FNDA:2,(anonymous_12)
FNDA:0,(anonymous_13)
DA:20,1
DA:21,8
DA:27,1
DA:28,1
DA:29,1
DA:30,1
DA:31,0
DA:36,0
DA:38,0
DA:40,1
DA:49,1
DA:50,1
DA:51,1
DA:52,1
DA:62,0
DA:67,0
DA:69,0
DA:71,2
DA:72,2
DA:73,2
DA:74,2
DA:75,0
DA:79,0
DA:84,0
DA:85,0
DA:91,0
DA:92,0
DA:97,0
DA:99,0
DA:102,2
DA:103,2
DA:104,2
DA:105,2
DA:106,0
DA:110,0
DA:115,0
DA:116,0
DA:122,0
DA:123,0
DA:128,0
DA:130,0
DA:132,2
DA:133,2
DA:134,2
DA:135,2
DA:137,0
DA:141,0
DA:146,0
DA:147,0
DA:153,0
DA:154,0
DA:159,0
DA:161,0
LF:53
LH:23
BRDA:91,0,0,0
BRDA:91,0,1,0
BRDA:122,1,0,0
BRDA:122,1,1,0
BRDA:153,2,0,0
BRDA:153,2,1,0
BRF:6
BRH:0
end_of_record
TN:
SF:src/api/index.js
FN:13,(anonymous_0)
FN:14,(anonymous_1)
FN:15,(anonymous_2)
FN:16,(anonymous_3)
FN:18,(anonymous_4)
FN:19,(anonymous_5)
FN:21,(anonymous_6)
FN:23,(anonymous_7)
FN:24,(anonymous_8)
FN:39,(anonymous_9)
FN:41,(anonymous_10)
FN:44,(anonymous_11)
FN:63,(anonymous_12)
FN:65,(anonymous_13)
FN:67,(anonymous_14)
FN:69,(anonymous_15)
FN:72,(anonymous_16)
FN:90,(anonymous_17)
FN:92,(anonymous_18)
FN:94,(anonymous_19)
FN:96,(anonymous_20)
FN:99,(anonymous_21)
FN:102,(anonymous_22)
FN:134,(anonymous_23)
FNF:24
FNH:7
FNDA:0,(anonymous_0)
FNDA:0,(anonymous_1)
FNDA:0,(anonymous_2)
FNDA:0,(anonymous_3)
FNDA:0,(anonymous_4)
FNDA:0,(anonymous_5)
FNDA:0,(anonymous_6)
FNDA:0,(anonymous_7)
FNDA:0,(anonymous_8)
FNDA:0,(anonymous_9)
FNDA:0,(anonymous_10)
FNDA:1,(anonymous_11)
FNDA:2,(anonymous_12)
FNDA:2,(anonymous_13)
FNDA:2,(anonymous_14)
FNDA:1,(anonymous_15)
FNDA:0,(anonymous_16)
FNDA:0,(anonymous_17)
FNDA:0,(anonymous_18)
FNDA:0,(anonymous_19)
FNDA:1,(anonymous_20)
FNDA:2,(anonymous_21)
FNDA:0,(anonymous_22)
FNDA:0,(anonymous_23)
DA:3,3
DA:7,3
DA:13,3
DA:14,3
DA:15,3
DA:16,3
DA:17,0
DA:18,3
DA:19,3
DA:20,0
DA:21,3
DA:22,0
DA:23,3
DA:24,3
DA:34,0
DA:39,3
DA:40,0
DA:41,3
DA:44,3
DA:54,1
DA:63,3
DA:64,2
DA:65,3
DA:66,2
DA:67,3
DA:68,2
DA:69,3
DA:72,3
DA:81,0
DA:90,3
DA:91,0
DA:92,3
DA:93,0
DA:94,3
DA:95,0
DA:96,3
DA:99,3
DA:102,3
DA:103,0
DA:104,0
DA:105,0
DA:108,0
DA:111,0
DA:114,0
DA:117,0
DA:120,0
DA:123,0
DA:126,0
DA:129,0
DA:134,3
DA:135,0
LF:51
LH:30
BRDA:3,0,0,0
BRDA:3,0,1,3
BRDA:55,1,0,0
BRDA:55,1,1,1
BRDA:56,2,0,0
BRDA:56,2,1,1
BRDA:57,3,0,0
BRDA:57,3,1,1
BRDA:57,4,0,0
BRDA:57,4,1,1
BRDA:58,5,0,0
BRDA:58,5,1,1
BRDA:59,6,0,0
BRDA:59,6,1,1
BRDA:60,7,0,0
BRDA:60,7,1,1
BRDA:61,8,0,0
BRDA:61,8,1,1
BRDA:82,9,0,0
BRDA:82,9,1,0
BRDA:83,10,0,0
BRDA:83,10,1,0
BRDA:84,11,0,0
BRDA:84,11,1,0
BRDA:85,12,0,0
BRDA:85,12,1,0
BRDA:86,13,0,0
BRDA:86,13,1,0
BRDA:87,14,0,0
BRDA:87,14,1,0
BRDA:88,15,0,0
BRDA:88,15,1,0
BRDA:103,16,0,0
BRDA:103,16,1,0
BRDA:104,17,0,0
BRDA:104,17,1,0
BRDA:106,18,0,0
BRDA:106,18,1,0
BRDA:109,19,0,0
BRDA:109,19,1,0
BRDA:112,20,0,0
BRDA:112,20,1,0
BRDA:115,21,0,0
BRDA:115,21,1,0
BRDA:118,22,0,0
BRDA:118,22,1,0
BRDA:121,23,0,0
BRDA:121,23,1,0
BRDA:124,24,0,0
BRDA:124,24,1,0
BRDA:127,25,0,0
BRDA:127,25,1,0
BRF:52
BRH:9
end_of_record
TN:
SF:src/reducers/errorReducers.js
FN:7,errorReducers
FNF:1
FNH:1
FNDA:3,errorReducers
DA:3,1
DA:8,3
DA:10,1
DA:12,1
DA:14,1
LF:5
LH:5
BRDA:7,0,0,1
BRDA:8,1,0,1
BRDA:8,1,1,1
BRDA:8,1,2,1
BRF:4
BRH:4
end_of_record
TN:
SF:src/reducers/eventReducers.js
FN:12,eventReducers
FNF:1
FNH:1
FNDA:3,eventReducers
DA:3,1
DA:13,3
DA:15,1
DA:17,1
DA:19,1
LF:5
LH:5
BRDA:12,0,0,1
BRDA:13,1,0,1
BRDA:13,1,1,1
BRDA:13,1,2,1
BRF:4
BRH:4
end_of_record
TN:
SF:src/reducers/eventTypeReducers.js
FN:19,eventTypeReducers
FNF:1
FNH:1
FNDA:5,eventTypeReducers
DA:10,1
DA:20,5
DA:22,0
DA:27,0
DA:33,1
DA:35,1
DA:37,1
DA:39,1
DA:41,1
LF:9
LH:7
BRDA:19,0,0,1
BRDA:20,1,0,0
BRDA:20,1,1,0
BRDA:20,1,2,1
BRDA:20,1,3,1
BRDA:20,1,4,1
BRDA:20,1,5,1
BRDA:20,1,6,1
BRF:8
BRH:6
end_of_record
TN:
SF:src/reducers/facilityHistoryReducers.js
FN:16,facilityHistoryReducers
FNF:1
FNH:1
FNDA:2,facilityHistoryReducers
DA:7,1
DA:17,2
DA:19,0
DA:24,0
DA:30,1
DA:32,1
LF:6
LH:4
BRDA:16,0,0,1
BRDA:17,1,0,0
BRDA:17,1,1,0
BRDA:17,1,2,1
BRDA:17,1,3,1
BRF:5
BRH:3
end_of_record
TN:
SF:src/reducers/facilityReducers.js
FN:19,facilityReducers
FNF:1
FNH:1
FNDA:5,facilityReducers
DA:10,1
DA:20,5
DA:22,0
DA:27,0
DA:33,1
DA:35,1
DA:37,1
DA:39,1
DA:41,1
LF:9
LH:7
BRDA:19,0,0,1
BRDA:20,1,0,0
BRDA:20,1,1,0
BRDA:20,1,2,1
BRDA:20,1,3,1
BRDA:20,1,4,1
BRDA:20,1,5,1
BRDA:20,1,6,1
BRF:8
BRH:6
end_of_record
TN:
SF:src/reducers/linkReducers.js
FN:8,linkReducers
FNF:1
FNH:1
FNDA:3,linkReducers
DA:3,1
DA:9,3
DA:11,1
DA:13,1
DA:15,1
LF:5
LH:5
BRDA:8,0,0,1
BRDA:9,1,0,1
BRDA:9,1,1,1
BRDA:9,1,2,1
BRF:4
BRH:4
end_of_record
TN:
SF:src/reducers/userReducers.js
FN:31,userReducers
FNF:1
FNH:1
FNDA:13,userReducers
DA:18,1
DA:32,13
DA:35,1
DA:37,1
DA:39,1
DA:41,1
DA:45,1
DA:47,1
DA:49,1
DA:51,1
DA:55,0
DA:61,0
DA:66,1
DA:72,1
DA:74,1
DA:76,1
DA:78,1
LF:17
LH:15
BRDA:31,0,0,1
BRDA:32,1,0,1
BRDA:32,1,1,1
BRDA:32,1,2,1
BRDA:32,1,3,1
BRDA:32,1,4,1
BRDA:32,1,5,1
BRDA:32,1,6,1
BRDA:32,1,7,1
BRDA:32,1,8,0
BRDA:32,1,9,0
BRDA:32,1,10,1
BRDA:32,1,11,1
BRDA:32,1,12,1
BRDA:32,1,13,1
BRDA:32,1,14,1
BRF:16
BRH:14
end_of_record
